2019-03-13 10:17:42.178 INFO [restartedMain]com.zhisijie.learning.lambda.DemoApplication.logStarting:50 -Starting DemoApplication on EDZ-20180717ILB with PID 1892 (C:\Users\Administrator\Desktop\learning\SpringBootLearning\lambda\target\classes started by Administrator in C:\Users\Administrator\Desktop\learning\SpringBootLearning\lambda)
2019-03-13 10:17:42.178 INFO [restartedMain]com.zhisijie.learning.lambda.DemoApplication.logStartupProfileInfo:675 -No active profile set, falling back to default profiles: default
2019-03-13 10:17:42.248 INFO [restartedMain]o.s.b.devtools.env.DevToolsPropertyDefaultsPostProcessor.logTo:227 -Devtools property defaults active! Set 'spring.devtools.add-properties' to 'false' to disable
2019-03-13 10:17:42.248 INFO [restartedMain]o.s.b.devtools.env.DevToolsPropertyDefaultsPostProcessor.logTo:227 -For additional web related logging consider setting the 'logging.level.web' property to 'DEBUG'
2019-03-13 10:17:43.826 INFO [restartedMain]o.s.boot.web.embedded.tomcat.TomcatWebServer.initialize:90 -Tomcat initialized with port(s): 7000 (http)
2019-03-13 10:17:43.846 INFO [restartedMain]org.apache.coyote.http11.Http11NioProtocol.log:173 -Initializing ProtocolHandler ["http-nio-7000"]
2019-03-13 10:17:43.856 INFO [restartedMain]org.apache.catalina.core.StandardService.log:173 -Starting service [Tomcat]
2019-03-13 10:17:43.856 INFO [restartedMain]org.apache.catalina.core.StandardEngine.log:173 -Starting Servlet engine: [Apache Tomcat/9.0.16]
2019-03-13 10:17:43.866 INFO [restartedMain]org.apache.catalina.core.AprLifecycleListener.log:173 -The APR based Apache Tomcat Native library which allows optimal performance in production environments was not found on the java.library.path: [D:\InstallToUse\JAVA\jdk\bin;C:\Windows\Sun\Java\bin;C:\Windows\system32;C:\Windows;D:\InstallToUse\JAVA\oracle\dbhome\bin;C:\Program Files (x86)\Common Files\Oracle\Java\javapath;C:\Program Files (x86)\Intel\iCLS Client\;C:\Program Files\Intel\iCLS Client\;C:\Windows\system32;C:\Windows;C:\Windows\System32\Wbem;C:\Windows\System32\WindowsPowerShell\v1.0\;C:\Program Files (x86)\Intel\Intel(R) Management Engine Components\DAL;C:\Program Files\Intel\Intel(R) Management Engine Components\DAL;C:\Program Files (x86)\Intel\Intel(R) Management Engine Components\IPT;C:\Program Files\Intel\Intel(R) Management Engine Components\IPT;D:\InstallToUse\JAVA\jdk\bin;D:\InstallToUse\JAVA\jdk\jre\bin;C:\Program Files\MySQL\MySQL Server 5.5\bin;D:\InstallToUse\MAVEN\apache-maven-3.5.4\bin;D:\InstallToUse\Node\;D:\InstallToUse\SVN\bin;D:\InstallToUse\GIT\Git\cmd;D:\InstallToUse\mycat\bin;C:\Users\Administrator\AppData\Roaming\npm;D:\InstallToUse\SSH;D:\InstallToUse\VSCode\Microsoft VS Code\bin;D:\InstallToUse\JAVA;D:\InstallToUse\Docker Toolbox;.]
2019-03-13 10:17:43.986 INFO [restartedMain]o.a.catalina.core.ContainerBase.[Tomcat].[localhost].[/].log:173 -Initializing Spring embedded WebApplicationContext
2019-03-13 10:17:43.986 INFO [restartedMain]org.springframework.web.context.ContextLoader.prepareWebApplicationContext:296 -Root WebApplicationContext: initialization completed in 1738 ms
2019-03-13 10:17:44.366 INFO [restartedMain]o.s.scheduling.concurrent.ThreadPoolTaskExecutor.initialize:171 -Initializing ExecutorService 'applicationTaskExecutor'
2019-03-13 10:17:44.636 WARN [restartedMain]o.s.boot.devtools.autoconfigure.OptionalLiveReloadServer.startServer:61 -Unable to start LiveReload server
2019-03-13 10:17:44.692 INFO [restartedMain]org.apache.coyote.http11.Http11NioProtocol.log:173 -Starting ProtocolHandler ["http-nio-7000"]
2019-03-13 10:17:44.760 INFO [restartedMain]o.s.boot.web.embedded.tomcat.TomcatWebServer.start:204 -Tomcat started on port(s): 7000 (http) with context path ''
2019-03-13 10:17:44.770 INFO [restartedMain]com.zhisijie.learning.lambda.DemoApplication.logStarted:59 -Started DemoApplication in 3.18 seconds (JVM running for 5.52)
2019-03-13 10:18:29.271 INFO [http-nio-7000-exec-8]o.a.catalina.core.ContainerBase.[Tomcat].[localhost].[/].log:173 -Initializing Spring DispatcherServlet 'dispatcherServlet'
2019-03-13 10:18:29.272 INFO [http-nio-7000-exec-8]org.springframework.web.servlet.DispatcherServlet.initServletBean:524 -Initializing Servlet 'dispatcherServlet'
2019-03-13 10:18:29.279 INFO [http-nio-7000-exec-8]org.springframework.web.servlet.DispatcherServlet.initServletBean:546 -Completed initialization in 7 ms
2019-03-13 10:19:09.760 INFO [restartedMain]com.zhisijie.learning.lambda.DemoApplication.logStarting:50 -Starting DemoApplication on EDZ-20180717ILB with PID 11240 (C:\Users\Administrator\Desktop\learning\SpringBootLearning\lambda\target\classes started by Administrator in C:\Users\Administrator\Desktop\learning\SpringBootLearning\lambda)
2019-03-13 10:19:09.767 INFO [restartedMain]com.zhisijie.learning.lambda.DemoApplication.logStartupProfileInfo:675 -No active profile set, falling back to default profiles: default
2019-03-13 10:19:10.185 INFO [restartedMain]o.s.b.devtools.env.DevToolsPropertyDefaultsPostProcessor.logTo:227 -Devtools property defaults active! Set 'spring.devtools.add-properties' to 'false' to disable
2019-03-13 10:19:10.185 INFO [restartedMain]o.s.b.devtools.env.DevToolsPropertyDefaultsPostProcessor.logTo:227 -For additional web related logging consider setting the 'logging.level.web' property to 'DEBUG'
2019-03-13 10:19:11.859 INFO [restartedMain]o.s.boot.web.embedded.tomcat.TomcatWebServer.initialize:90 -Tomcat initialized with port(s): 7000 (http)
2019-03-13 10:19:11.879 INFO [restartedMain]org.apache.coyote.http11.Http11NioProtocol.log:173 -Initializing ProtocolHandler ["http-nio-7000"]
2019-03-13 10:19:11.889 INFO [restartedMain]org.apache.catalina.core.StandardService.log:173 -Starting service [Tomcat]
2019-03-13 10:19:11.889 INFO [restartedMain]org.apache.catalina.core.StandardEngine.log:173 -Starting Servlet engine: [Apache Tomcat/9.0.16]
2019-03-13 10:19:11.899 INFO [restartedMain]org.apache.catalina.core.AprLifecycleListener.log:173 -The APR based Apache Tomcat Native library which allows optimal performance in production environments was not found on the java.library.path: [D:\InstallToUse\JAVA\jdk\bin;C:\Windows\Sun\Java\bin;C:\Windows\system32;C:\Windows;D:\InstallToUse\JAVA\oracle\dbhome\bin;C:\Program Files (x86)\Common Files\Oracle\Java\javapath;C:\Program Files (x86)\Intel\iCLS Client\;C:\Program Files\Intel\iCLS Client\;C:\Windows\system32;C:\Windows;C:\Windows\System32\Wbem;C:\Windows\System32\WindowsPowerShell\v1.0\;C:\Program Files (x86)\Intel\Intel(R) Management Engine Components\DAL;C:\Program Files\Intel\Intel(R) Management Engine Components\DAL;C:\Program Files (x86)\Intel\Intel(R) Management Engine Components\IPT;C:\Program Files\Intel\Intel(R) Management Engine Components\IPT;D:\InstallToUse\JAVA\jdk\bin;D:\InstallToUse\JAVA\jdk\jre\bin;C:\Program Files\MySQL\MySQL Server 5.5\bin;D:\InstallToUse\MAVEN\apache-maven-3.5.4\bin;D:\InstallToUse\Node\;D:\InstallToUse\SVN\bin;D:\InstallToUse\GIT\Git\cmd;D:\InstallToUse\mycat\bin;C:\Users\Administrator\AppData\Roaming\npm;D:\InstallToUse\SSH;D:\InstallToUse\VSCode\Microsoft VS Code\bin;D:\InstallToUse\JAVA;D:\InstallToUse\Docker Toolbox;.]
2019-03-13 10:19:11.988 INFO [restartedMain]o.a.catalina.core.ContainerBase.[Tomcat].[localhost].[/].log:173 -Initializing Spring embedded WebApplicationContext
2019-03-13 10:19:11.988 INFO [restartedMain]org.springframework.web.context.ContextLoader.prepareWebApplicationContext:296 -Root WebApplicationContext: initialization completed in 1803 ms
2019-03-13 10:19:12.251 INFO [restartedMain]o.s.scheduling.concurrent.ThreadPoolTaskExecutor.initialize:171 -Initializing ExecutorService 'applicationTaskExecutor'
2019-03-13 10:19:12.439 WARN [restartedMain]o.s.boot.devtools.autoconfigure.OptionalLiveReloadServer.startServer:61 -Unable to start LiveReload server
2019-03-13 10:19:12.477 INFO [restartedMain]org.apache.coyote.http11.Http11NioProtocol.log:173 -Starting ProtocolHandler ["http-nio-7000"]
2019-03-13 10:19:12.518 INFO [restartedMain]o.s.boot.web.embedded.tomcat.TomcatWebServer.start:204 -Tomcat started on port(s): 7000 (http) with context path ''
2019-03-13 10:19:12.518 INFO [restartedMain]com.zhisijie.learning.lambda.DemoApplication.logStarted:59 -Started DemoApplication in 3.661 seconds (JVM running for 4.991)
2019-03-13 10:19:35.628 INFO [http-nio-7000-exec-2]o.a.catalina.core.ContainerBase.[Tomcat].[localhost].[/].log:173 -Initializing Spring DispatcherServlet 'dispatcherServlet'
2019-03-13 10:19:35.629 INFO [http-nio-7000-exec-2]org.springframework.web.servlet.DispatcherServlet.initServletBean:524 -Initializing Servlet 'dispatcherServlet'
2019-03-13 10:19:35.640 INFO [http-nio-7000-exec-2]org.springframework.web.servlet.DispatcherServlet.initServletBean:546 -Completed initialization in 11 ms
2019-03-13 10:22:22.882 INFO [Thread-2]o.s.scheduling.concurrent.ThreadPoolTaskExecutor.shutdown:208 -Shutting down ExecutorService 'applicationTaskExecutor'
2019-03-13 10:22:23.383 INFO [restartedMain]com.zhisijie.learning.lambda.DemoApplication.logStarting:50 -Starting DemoApplication on EDZ-20180717ILB with PID 11240 (C:\Users\Administrator\Desktop\learning\SpringBootLearning\lambda\target\classes started by Administrator in C:\Users\Administrator\Desktop\learning\SpringBootLearning\lambda)
2019-03-13 10:22:23.383 INFO [restartedMain]com.zhisijie.learning.lambda.DemoApplication.logStartupProfileInfo:675 -No active profile set, falling back to default profiles: default
2019-03-13 10:22:23.699 INFO [restartedMain]o.s.boot.web.embedded.tomcat.TomcatWebServer.initialize:90 -Tomcat initialized with port(s): 7000 (http)
2019-03-13 10:22:23.700 INFO [restartedMain]org.apache.coyote.http11.Http11NioProtocol.log:173 -Initializing ProtocolHandler ["http-nio-7000"]
2019-03-13 10:22:23.701 INFO [restartedMain]org.apache.catalina.core.StandardService.log:173 -Starting service [Tomcat]
2019-03-13 10:22:23.702 INFO [restartedMain]org.apache.catalina.core.StandardEngine.log:173 -Starting Servlet engine: [Apache Tomcat/9.0.16]
2019-03-13 10:22:23.716 INFO [restartedMain]o.a.catalina.core.ContainerBase.[Tomcat].[localhost].[/].log:173 -Initializing Spring embedded WebApplicationContext
2019-03-13 10:22:23.716 INFO [restartedMain]org.springframework.web.context.ContextLoader.prepareWebApplicationContext:296 -Root WebApplicationContext: initialization completed in 323 ms
2019-03-13 10:22:23.786 INFO [restartedMain]o.s.scheduling.concurrent.ThreadPoolTaskExecutor.initialize:171 -Initializing ExecutorService 'applicationTaskExecutor'
2019-03-13 10:22:23.846 WARN [restartedMain]o.s.boot.devtools.autoconfigure.OptionalLiveReloadServer.startServer:61 -Unable to start LiveReload server
2019-03-13 10:22:23.866 INFO [restartedMain]org.apache.coyote.http11.Http11NioProtocol.log:173 -Starting ProtocolHandler ["http-nio-7000"]
2019-03-13 10:22:23.866 INFO [restartedMain]o.s.boot.web.embedded.tomcat.TomcatWebServer.start:204 -Tomcat started on port(s): 7000 (http) with context path ''
2019-03-13 10:22:23.876 INFO [restartedMain]com.zhisijie.learning.lambda.DemoApplication.logStarted:59 -Started DemoApplication in 0.533 seconds (JVM running for 196.337)
2019-03-13 10:22:23.876 INFO [restartedMain]o.s.b.d.a.ConditionEvaluationDeltaLoggingListener.onApplicationEvent:70 -Condition evaluation unchanged
2019-03-13 10:22:42.886 INFO [http-nio-7000-exec-4]o.a.catalina.core.ContainerBase.[Tomcat].[localhost].[/].log:173 -Initializing Spring DispatcherServlet 'dispatcherServlet'
2019-03-13 10:22:42.887 INFO [http-nio-7000-exec-4]org.springframework.web.servlet.DispatcherServlet.initServletBean:524 -Initializing Servlet 'dispatcherServlet'
2019-03-13 10:22:42.916 INFO [http-nio-7000-exec-4]org.springframework.web.servlet.DispatcherServlet.initServletBean:546 -Completed initialization in 29 ms
2019-03-13 12:04:30.843 INFO [restartedMain]com.zhisijie.learning.lambda.DemoApplication.logStarting:50 -Starting DemoApplication on EDZ-20180717ILB with PID 7688 (C:\Users\Administrator\Desktop\learning\SpringBootLearning\lambda\target\classes started by Administrator in C:\Users\Administrator\Desktop\learning\SpringBootLearning\lambda)
2019-03-13 12:04:30.848 INFO [restartedMain]com.zhisijie.learning.lambda.DemoApplication.logStartupProfileInfo:675 -No active profile set, falling back to default profiles: default
2019-03-13 12:04:30.922 INFO [restartedMain]o.s.b.devtools.env.DevToolsPropertyDefaultsPostProcessor.logTo:227 -Devtools property defaults active! Set 'spring.devtools.add-properties' to 'false' to disable
2019-03-13 12:04:30.922 INFO [restartedMain]o.s.b.devtools.env.DevToolsPropertyDefaultsPostProcessor.logTo:227 -For additional web related logging consider setting the 'logging.level.web' property to 'DEBUG'
2019-03-13 12:04:32.455 INFO [restartedMain]o.s.boot.web.embedded.tomcat.TomcatWebServer.initialize:90 -Tomcat initialized with port(s): 7000 (http)
2019-03-13 12:04:32.475 INFO [restartedMain]org.apache.coyote.http11.Http11NioProtocol.log:173 -Initializing ProtocolHandler ["http-nio-7000"]
2019-03-13 12:04:32.488 INFO [restartedMain]org.apache.catalina.core.StandardService.log:173 -Starting service [Tomcat]
2019-03-13 12:04:32.489 INFO [restartedMain]org.apache.catalina.core.StandardEngine.log:173 -Starting Servlet engine: [Apache Tomcat/9.0.16]
2019-03-13 12:04:32.496 INFO [restartedMain]org.apache.catalina.core.AprLifecycleListener.log:173 -The APR based Apache Tomcat Native library which allows optimal performance in production environments was not found on the java.library.path: [D:\InstallToUse\JAVA\jdk\bin;C:\Windows\Sun\Java\bin;C:\Windows\system32;C:\Windows;D:\InstallToUse\JAVA\oracle\dbhome\bin;C:\Program Files (x86)\Common Files\Oracle\Java\javapath;C:\Program Files (x86)\Intel\iCLS Client\;C:\Program Files\Intel\iCLS Client\;C:\Windows\system32;C:\Windows;C:\Windows\System32\Wbem;C:\Windows\System32\WindowsPowerShell\v1.0\;C:\Program Files (x86)\Intel\Intel(R) Management Engine Components\DAL;C:\Program Files\Intel\Intel(R) Management Engine Components\DAL;C:\Program Files (x86)\Intel\Intel(R) Management Engine Components\IPT;C:\Program Files\Intel\Intel(R) Management Engine Components\IPT;D:\InstallToUse\JAVA\jdk\bin;D:\InstallToUse\JAVA\jdk\jre\bin;C:\Program Files\MySQL\MySQL Server 5.5\bin;D:\InstallToUse\MAVEN\apache-maven-3.5.4\bin;D:\InstallToUse\Node\;D:\InstallToUse\SVN\bin;D:\InstallToUse\GIT\Git\cmd;D:\InstallToUse\mycat\bin;C:\Users\Administrator\AppData\Roaming\npm;D:\InstallToUse\SSH;D:\InstallToUse\VSCode\Microsoft VS Code\bin;D:\InstallToUse\JAVA;D:\InstallToUse\Docker Toolbox;.]
2019-03-13 12:04:32.589 INFO [restartedMain]o.a.catalina.core.ContainerBase.[Tomcat].[localhost].[/].log:173 -Initializing Spring embedded WebApplicationContext
2019-03-13 12:04:32.590 INFO [restartedMain]org.springframework.web.context.ContextLoader.prepareWebApplicationContext:296 -Root WebApplicationContext: initialization completed in 1667 ms
2019-03-13 12:04:32.957 INFO [restartedMain]o.s.scheduling.concurrent.ThreadPoolTaskExecutor.initialize:171 -Initializing ExecutorService 'applicationTaskExecutor'
2019-03-13 12:04:33.366 WARN [restartedMain]o.s.boot.devtools.autoconfigure.OptionalLiveReloadServer.startServer:61 -Unable to start LiveReload server
2019-03-13 12:04:33.439 INFO [restartedMain]org.apache.coyote.http11.Http11NioProtocol.log:173 -Starting ProtocolHandler ["http-nio-7000"]
2019-03-13 12:04:33.499 INFO [restartedMain]o.s.boot.web.embedded.tomcat.TomcatWebServer.start:204 -Tomcat started on port(s): 7000 (http) with context path ''
2019-03-13 12:04:33.504 INFO [restartedMain]com.zhisijie.learning.lambda.DemoApplication.logStarted:59 -Started DemoApplication in 3.153 seconds (JVM running for 5.059)
2019-03-13 12:05:44.194 INFO [http-nio-7000-exec-2]o.a.catalina.core.ContainerBase.[Tomcat].[localhost].[/].log:173 -Initializing Spring DispatcherServlet 'dispatcherServlet'
2019-03-13 12:05:44.195 INFO [http-nio-7000-exec-2]org.springframework.web.servlet.DispatcherServlet.initServletBean:524 -Initializing Servlet 'dispatcherServlet'
2019-03-13 12:05:44.201 INFO [http-nio-7000-exec-2]org.springframework.web.servlet.DispatcherServlet.initServletBean:546 -Completed initialization in 6 ms
2019-03-13 12:07:47.981 INFO [Thread-2]o.s.scheduling.concurrent.ThreadPoolTaskExecutor.shutdown:208 -Shutting down ExecutorService 'applicationTaskExecutor'
2019-03-13 12:07:48.546 INFO [restartedMain]com.zhisijie.learning.lambda.DemoApplication.logStarting:50 -Starting DemoApplication on EDZ-20180717ILB with PID 7688 (C:\Users\Administrator\Desktop\learning\SpringBootLearning\lambda\target\classes started by Administrator in C:\Users\Administrator\Desktop\learning\SpringBootLearning\lambda)
2019-03-13 12:07:48.547 INFO [restartedMain]com.zhisijie.learning.lambda.DemoApplication.logStartupProfileInfo:675 -No active profile set, falling back to default profiles: default
2019-03-13 12:07:48.941 INFO [restartedMain]o.s.boot.web.embedded.tomcat.TomcatWebServer.initialize:90 -Tomcat initialized with port(s): 7000 (http)
2019-03-13 12:07:48.942 INFO [restartedMain]org.apache.coyote.http11.Http11NioProtocol.log:173 -Initializing ProtocolHandler ["http-nio-7000"]
2019-03-13 12:07:48.943 INFO [restartedMain]org.apache.catalina.core.StandardService.log:173 -Starting service [Tomcat]
2019-03-13 12:07:48.944 INFO [restartedMain]org.apache.catalina.core.StandardEngine.log:173 -Starting Servlet engine: [Apache Tomcat/9.0.16]
2019-03-13 12:07:48.962 INFO [restartedMain]o.a.catalina.core.ContainerBase.[Tomcat].[localhost].[/].log:173 -Initializing Spring embedded WebApplicationContext
2019-03-13 12:07:48.962 INFO [restartedMain]org.springframework.web.context.ContextLoader.prepareWebApplicationContext:296 -Root WebApplicationContext: initialization completed in 413 ms
2019-03-13 12:07:49.053 INFO [restartedMain]o.s.scheduling.concurrent.ThreadPoolTaskExecutor.initialize:171 -Initializing ExecutorService 'applicationTaskExecutor'
2019-03-13 12:07:49.123 WARN [restartedMain]o.s.boot.devtools.autoconfigure.OptionalLiveReloadServer.startServer:61 -Unable to start LiveReload server
2019-03-13 12:07:49.155 INFO [restartedMain]org.apache.coyote.http11.Http11NioProtocol.log:173 -Starting ProtocolHandler ["http-nio-7000"]
2019-03-13 12:07:49.161 INFO [restartedMain]o.s.boot.web.embedded.tomcat.TomcatWebServer.start:204 -Tomcat started on port(s): 7000 (http) with context path ''
2019-03-13 12:07:49.162 INFO [restartedMain]com.zhisijie.learning.lambda.DemoApplication.logStarted:59 -Started DemoApplication in 0.661 seconds (JVM running for 200.711)
2019-03-13 12:07:49.165 INFO [restartedMain]o.s.b.d.a.ConditionEvaluationDeltaLoggingListener.onApplicationEvent:70 -Condition evaluation unchanged
2019-03-13 12:08:06.091 INFO [http-nio-7000-exec-6]o.a.catalina.core.ContainerBase.[Tomcat].[localhost].[/].log:173 -Initializing Spring DispatcherServlet 'dispatcherServlet'
2019-03-13 12:08:06.092 INFO [http-nio-7000-exec-6]org.springframework.web.servlet.DispatcherServlet.initServletBean:524 -Initializing Servlet 'dispatcherServlet'
2019-03-13 12:08:06.109 INFO [http-nio-7000-exec-6]org.springframework.web.servlet.DispatcherServlet.initServletBean:546 -Completed initialization in 16 ms
2019-03-13 12:08:19.025 INFO [restartedMain]com.zhisijie.learning.lambda.DemoApplication.logStarting:50 -Starting DemoApplication on EDZ-20180717ILB with PID 10144 (C:\Users\Administrator\Desktop\learning\SpringBootLearning\lambda\target\classes started by Administrator in C:\Users\Administrator\Desktop\learning\SpringBootLearning\lambda)
2019-03-13 12:08:19.031 INFO [restartedMain]com.zhisijie.learning.lambda.DemoApplication.logStartupProfileInfo:675 -No active profile set, falling back to default profiles: default
2019-03-13 12:08:19.180 INFO [restartedMain]o.s.b.devtools.env.DevToolsPropertyDefaultsPostProcessor.logTo:227 -Devtools property defaults active! Set 'spring.devtools.add-properties' to 'false' to disable
2019-03-13 12:08:19.180 INFO [restartedMain]o.s.b.devtools.env.DevToolsPropertyDefaultsPostProcessor.logTo:227 -For additional web related logging consider setting the 'logging.level.web' property to 'DEBUG'
2019-03-13 12:08:20.973 INFO [restartedMain]o.s.boot.web.embedded.tomcat.TomcatWebServer.initialize:90 -Tomcat initialized with port(s): 7000 (http)
2019-03-13 12:08:20.993 INFO [restartedMain]org.apache.coyote.http11.Http11NioProtocol.log:173 -Initializing ProtocolHandler ["http-nio-7000"]
2019-03-13 12:08:21.032 INFO [restartedMain]org.apache.catalina.core.StandardService.log:173 -Starting service [Tomcat]
2019-03-13 12:08:21.032 INFO [restartedMain]org.apache.catalina.core.StandardEngine.log:173 -Starting Servlet engine: [Apache Tomcat/9.0.16]
2019-03-13 12:08:21.042 INFO [restartedMain]org.apache.catalina.core.AprLifecycleListener.log:173 -The APR based Apache Tomcat Native library which allows optimal performance in production environments was not found on the java.library.path: [D:\InstallToUse\JAVA\jdk\bin;C:\Windows\Sun\Java\bin;C:\Windows\system32;C:\Windows;D:\InstallToUse\JAVA\oracle\dbhome\bin;C:\Program Files (x86)\Common Files\Oracle\Java\javapath;C:\Program Files (x86)\Intel\iCLS Client\;C:\Program Files\Intel\iCLS Client\;C:\Windows\system32;C:\Windows;C:\Windows\System32\Wbem;C:\Windows\System32\WindowsPowerShell\v1.0\;C:\Program Files (x86)\Intel\Intel(R) Management Engine Components\DAL;C:\Program Files\Intel\Intel(R) Management Engine Components\DAL;C:\Program Files (x86)\Intel\Intel(R) Management Engine Components\IPT;C:\Program Files\Intel\Intel(R) Management Engine Components\IPT;D:\InstallToUse\JAVA\jdk\bin;D:\InstallToUse\JAVA\jdk\jre\bin;C:\Program Files\MySQL\MySQL Server 5.5\bin;D:\InstallToUse\MAVEN\apache-maven-3.5.4\bin;D:\InstallToUse\Node\;D:\InstallToUse\SVN\bin;D:\InstallToUse\GIT\Git\cmd;D:\InstallToUse\mycat\bin;C:\Users\Administrator\AppData\Roaming\npm;D:\InstallToUse\SSH;D:\InstallToUse\VSCode\Microsoft VS Code\bin;D:\InstallToUse\JAVA;D:\InstallToUse\Docker Toolbox;.]
2019-03-13 12:08:21.142 INFO [restartedMain]o.a.catalina.core.ContainerBase.[Tomcat].[localhost].[/].log:173 -Initializing Spring embedded WebApplicationContext
2019-03-13 12:08:21.142 INFO [restartedMain]org.springframework.web.context.ContextLoader.prepareWebApplicationContext:296 -Root WebApplicationContext: initialization completed in 1961 ms
2019-03-13 12:08:21.447 INFO [restartedMain]o.s.scheduling.concurrent.ThreadPoolTaskExecutor.initialize:171 -Initializing ExecutorService 'applicationTaskExecutor'
2019-03-13 12:08:21.638 WARN [restartedMain]o.s.boot.devtools.autoconfigure.OptionalLiveReloadServer.startServer:61 -Unable to start LiveReload server
2019-03-13 12:08:21.677 INFO [restartedMain]org.apache.coyote.http11.Http11NioProtocol.log:173 -Starting ProtocolHandler ["http-nio-7000"]
2019-03-13 12:08:21.706 INFO [restartedMain]o.s.boot.web.embedded.tomcat.TomcatWebServer.start:204 -Tomcat started on port(s): 7000 (http) with context path ''
2019-03-13 12:08:21.711 INFO [restartedMain]com.zhisijie.learning.lambda.DemoApplication.logStarted:59 -Started DemoApplication in 3.312 seconds (JVM running for 5.03)
2019-03-13 12:09:03.414 INFO [Thread-3]o.s.scheduling.concurrent.ThreadPoolTaskExecutor.shutdown:208 -Shutting down ExecutorService 'applicationTaskExecutor'
2019-03-13 12:09:04.934 INFO [restartedMain]com.zhisijie.learning.lambda.DemoApplication.logStarting:50 -Starting DemoApplication on EDZ-20180717ILB with PID 10144 (C:\Users\Administrator\Desktop\learning\SpringBootLearning\lambda\target\classes started by Administrator in C:\Users\Administrator\Desktop\learning\SpringBootLearning\lambda)
2019-03-13 12:09:04.934 INFO [restartedMain]com.zhisijie.learning.lambda.DemoApplication.logStartupProfileInfo:675 -No active profile set, falling back to default profiles: default
2019-03-13 12:09:05.339 INFO [restartedMain]o.s.boot.web.embedded.tomcat.TomcatWebServer.initialize:90 -Tomcat initialized with port(s): 7000 (http)
2019-03-13 12:09:05.340 INFO [restartedMain]org.apache.coyote.http11.Http11NioProtocol.log:173 -Initializing ProtocolHandler ["http-nio-7000"]
2019-03-13 12:09:05.341 INFO [restartedMain]org.apache.catalina.core.StandardService.log:173 -Starting service [Tomcat]
2019-03-13 12:09:05.342 INFO [restartedMain]org.apache.catalina.core.StandardEngine.log:173 -Starting Servlet engine: [Apache Tomcat/9.0.16]
2019-03-13 12:09:05.361 INFO [restartedMain]o.a.catalina.core.ContainerBase.[Tomcat].[localhost].[/].log:173 -Initializing Spring embedded WebApplicationContext
2019-03-13 12:09:05.362 INFO [restartedMain]org.springframework.web.context.ContextLoader.prepareWebApplicationContext:296 -Root WebApplicationContext: initialization completed in 417 ms
2019-03-13 12:09:05.433 INFO [restartedMain]o.s.scheduling.concurrent.ThreadPoolTaskExecutor.initialize:171 -Initializing ExecutorService 'applicationTaskExecutor'
2019-03-13 12:09:05.492 WARN [restartedMain]o.s.boot.devtools.autoconfigure.OptionalLiveReloadServer.startServer:61 -Unable to start LiveReload server
2019-03-13 12:09:05.510 INFO [restartedMain]org.apache.coyote.http11.Http11NioProtocol.log:173 -Starting ProtocolHandler ["http-nio-7000"]
2019-03-13 12:09:05.516 INFO [restartedMain]o.s.boot.web.embedded.tomcat.TomcatWebServer.start:204 -Tomcat started on port(s): 7000 (http) with context path ''
2019-03-13 12:09:05.517 INFO [restartedMain]com.zhisijie.learning.lambda.DemoApplication.logStarted:59 -Started DemoApplication in 0.696 seconds (JVM running for 48.835)
2019-03-13 12:09:05.520 INFO [restartedMain]o.s.b.d.a.ConditionEvaluationDeltaLoggingListener.onApplicationEvent:70 -Condition evaluation unchanged
2019-03-13 12:09:30.492 INFO [http-nio-7000-exec-2]o.a.catalina.core.ContainerBase.[Tomcat].[localhost].[/].log:173 -Initializing Spring DispatcherServlet 'dispatcherServlet'
2019-03-13 12:09:30.493 INFO [http-nio-7000-exec-2]org.springframework.web.servlet.DispatcherServlet.initServletBean:524 -Initializing Servlet 'dispatcherServlet'
2019-03-13 12:09:30.501 INFO [http-nio-7000-exec-2]org.springframework.web.servlet.DispatcherServlet.initServletBean:546 -Completed initialization in 8 ms
2019-03-13 12:10:09.787 INFO [restartedMain]com.zhisijie.learning.lambda.DemoApplication.logStarting:50 -Starting DemoApplication on EDZ-20180717ILB with PID 10800 (C:\Users\Administrator\Desktop\learning\SpringBootLearning\lambda\target\classes started by Administrator in C:\Users\Administrator\Desktop\learning\SpringBootLearning\lambda)
2019-03-13 12:10:09.791 INFO [restartedMain]com.zhisijie.learning.lambda.DemoApplication.logStartupProfileInfo:654 -No active profile set, falling back to default profiles: default
2019-03-13 12:10:09.883 INFO [restartedMain]o.s.b.w.s.c.AnnotationConfigServletWebServerApplicationContext.prepareRefresh:588 -Refreshing org.springframework.boot.web.servlet.context.AnnotationConfigServletWebServerApplicationContext@75b7bf1c: startup date [Wed Mar 13 12:10:09 CST 2019]; root of context hierarchy
2019-03-13 12:10:12.708 INFO [restartedMain]o.s.boot.web.embedded.tomcat.TomcatWebServer.initialize:91 -Tomcat initialized with port(s): 7000 (http)
2019-03-13 12:10:12.733 INFO [restartedMain]org.apache.coyote.http11.Http11NioProtocol.log:180 -Initializing ProtocolHandler ["http-nio-7000"]
2019-03-13 12:10:12.746 INFO [restartedMain]org.apache.catalina.core.StandardService.log:180 -Starting service [Tomcat]
2019-03-13 12:10:12.747 INFO [restartedMain]org.apache.catalina.core.StandardEngine.log:180 -Starting Servlet Engine: Apache Tomcat/8.5.34
2019-03-13 12:10:12.753 INFO [localhost-startStop-1]org.apache.catalina.core.AprLifecycleListener.log:180 -The APR based Apache Tomcat Native library which allows optimal performance in production environments was not found on the java.library.path: [D:\InstallToUse\JAVA\jdk\bin;C:\Windows\Sun\Java\bin;C:\Windows\system32;C:\Windows;D:\InstallToUse\JAVA\oracle\dbhome\bin;C:\Program Files (x86)\Common Files\Oracle\Java\javapath;C:\Program Files (x86)\Intel\iCLS Client\;C:\Program Files\Intel\iCLS Client\;C:\Windows\system32;C:\Windows;C:\Windows\System32\Wbem;C:\Windows\System32\WindowsPowerShell\v1.0\;C:\Program Files (x86)\Intel\Intel(R) Management Engine Components\DAL;C:\Program Files\Intel\Intel(R) Management Engine Components\DAL;C:\Program Files (x86)\Intel\Intel(R) Management Engine Components\IPT;C:\Program Files\Intel\Intel(R) Management Engine Components\IPT;D:\InstallToUse\JAVA\jdk\bin;D:\InstallToUse\JAVA\jdk\jre\bin;C:\Program Files\MySQL\MySQL Server 5.5\bin;D:\InstallToUse\MAVEN\apache-maven-3.5.4\bin;D:\InstallToUse\Node\;D:\InstallToUse\SVN\bin;D:\InstallToUse\GIT\Git\cmd;D:\InstallToUse\mycat\bin;C:\Users\Administrator\AppData\Roaming\npm;D:\InstallToUse\SSH;D:\InstallToUse\VSCode\Microsoft VS Code\bin;D:\InstallToUse\JAVA;D:\InstallToUse\Docker Toolbox;.]
2019-03-13 12:10:12.873 INFO [localhost-startStop-1]o.a.catalina.core.ContainerBase.[Tomcat].[localhost].[/].log:180 -Initializing Spring embedded WebApplicationContext
2019-03-13 12:10:12.873 INFO [localhost-startStop-1]org.springframework.web.context.ContextLoader.prepareWebApplicationContext:285 -Root WebApplicationContext: initialization completed in 2990 ms
2019-03-13 12:10:12.967 INFO [localhost-startStop-1]o.s.boot.web.servlet.ServletRegistrationBean.addRegistration:187 -Servlet dispatcherServlet mapped to [/]
2019-03-13 12:10:12.974 INFO [localhost-startStop-1]o.s.boot.web.servlet.FilterRegistrationBean.configure:245 -Mapping filter: 'characterEncodingFilter' to: [/*]
2019-03-13 12:10:12.975 INFO [localhost-startStop-1]o.s.boot.web.servlet.FilterRegistrationBean.configure:245 -Mapping filter: 'hiddenHttpMethodFilter' to: [/*]
2019-03-13 12:10:12.975 INFO [localhost-startStop-1]o.s.boot.web.servlet.FilterRegistrationBean.configure:245 -Mapping filter: 'httpPutFormContentFilter' to: [/*]
2019-03-13 12:10:12.975 INFO [localhost-startStop-1]o.s.boot.web.servlet.FilterRegistrationBean.configure:245 -Mapping filter: 'requestContextFilter' to: [/*]
2019-03-13 12:10:13.167 INFO [restartedMain]o.s.web.servlet.handler.SimpleUrlHandlerMapping.registerHandler:373 -Mapped URL path [/**/favicon.ico] onto handler of type [class org.springframework.web.servlet.resource.ResourceHttpRequestHandler]
2019-03-13 12:10:13.487 INFO [restartedMain]o.s.w.s.m.method.annotation.RequestMappingHandlerAdapter.initControllerAdviceCache:588 -Looking for @ControllerAdvice: org.springframework.boot.web.servlet.context.AnnotationConfigServletWebServerApplicationContext@75b7bf1c: startup date [Wed Mar 13 12:10:09 CST 2019]; root of context hierarchy
2019-03-13 12:10:13.609 INFO [restartedMain]o.s.w.s.m.method.annotation.RequestMappingHandlerMapping.register:549 -Mapped "{[/testLambda]}" onto public java.lang.String com.zhisijie.learning.lambda.controller.LambdaController.testLambda(java.lang.String)
2019-03-13 12:10:13.616 INFO [restartedMain]o.s.w.s.m.method.annotation.RequestMappingHandlerMapping.register:549 -Mapped "{[/error]}" onto public org.springframework.http.ResponseEntity<java.util.Map<java.lang.String, java.lang.Object>> org.springframework.boot.autoconfigure.web.servlet.error.BasicErrorController.error(javax.servlet.http.HttpServletRequest)
2019-03-13 12:10:13.617 INFO [restartedMain]o.s.w.s.m.method.annotation.RequestMappingHandlerMapping.register:549 -Mapped "{[/error],produces=[text/html]}" onto public org.springframework.web.servlet.ModelAndView org.springframework.boot.autoconfigure.web.servlet.error.BasicErrorController.errorHtml(javax.servlet.http.HttpServletRequest,javax.servlet.http.HttpServletResponse)
2019-03-13 12:10:13.658 INFO [restartedMain]o.s.web.servlet.handler.SimpleUrlHandlerMapping.registerHandler:373 -Mapped URL path [/webjars/**] onto handler of type [class org.springframework.web.servlet.resource.ResourceHttpRequestHandler]
2019-03-13 12:10:13.658 INFO [restartedMain]o.s.web.servlet.handler.SimpleUrlHandlerMapping.registerHandler:373 -Mapped URL path [/**] onto handler of type [class org.springframework.web.servlet.resource.ResourceHttpRequestHandler]
2019-03-13 12:10:13.961 WARN [restartedMain]o.s.boot.devtools.autoconfigure.OptionalLiveReloadServer.startServer:61 -Unable to start LiveReload server
2019-03-13 12:10:14.033 INFO [restartedMain]o.s.jmx.export.annotation.AnnotationMBeanExporter.afterSingletonsInstantiated:433 -Registering beans for JMX exposure on startup
2019-03-13 12:10:14.058 INFO [restartedMain]org.apache.coyote.http11.Http11NioProtocol.log:180 -Starting ProtocolHandler ["http-nio-7000"]
2019-03-13 12:10:14.214 INFO [restartedMain]org.apache.tomcat.util.net.NioSelectorPool.log:180 -Using a shared selector for servlet write/read
2019-03-13 12:10:14.247 INFO [restartedMain]o.s.boot.web.embedded.tomcat.TomcatWebServer.start:206 -Tomcat started on port(s): 7000 (http) with context path ''
2019-03-13 12:10:14.258 INFO [restartedMain]com.zhisijie.learning.lambda.DemoApplication.logStarted:59 -Started DemoApplication in 5.362 seconds (JVM running for 7.374)
2019-03-13 12:10:21.028 INFO [http-nio-7000-exec-1]o.a.catalina.core.ContainerBase.[Tomcat].[localhost].[/].log:180 -Initializing Spring FrameworkServlet 'dispatcherServlet'
2019-03-13 12:10:21.029 INFO [http-nio-7000-exec-1]org.springframework.web.servlet.DispatcherServlet.initServletBean:494 -FrameworkServlet 'dispatcherServlet': initialization started
2019-03-13 12:10:21.053 INFO [http-nio-7000-exec-1]org.springframework.web.servlet.DispatcherServlet.initServletBean:509 -FrameworkServlet 'dispatcherServlet': initialization completed in 24 ms
2019-03-13 12:13:53.582 INFO [Thread-4]o.s.b.w.s.c.AnnotationConfigServletWebServerApplicationContext.doClose:991 -Closing org.springframework.boot.web.servlet.context.AnnotationConfigServletWebServerApplicationContext@75b7bf1c: startup date [Wed Mar 13 12:10:09 CST 2019]; root of context hierarchy
2019-03-13 12:13:53.587 INFO [Thread-4]o.s.jmx.export.annotation.AnnotationMBeanExporter.destroy:451 -Unregistering JMX-exposed beans on shutdown
2019-03-13 12:13:54.495 INFO [restartedMain]com.zhisijie.learning.lambda.DemoApplication.logStarting:50 -Starting DemoApplication on EDZ-20180717ILB with PID 10800 (C:\Users\Administrator\Desktop\learning\SpringBootLearning\lambda\target\classes started by Administrator in C:\Users\Administrator\Desktop\learning\SpringBootLearning\lambda)
2019-03-13 12:13:54.496 INFO [restartedMain]com.zhisijie.learning.lambda.DemoApplication.logStartupProfileInfo:654 -No active profile set, falling back to default profiles: default
2019-03-13 12:13:54.502 INFO [restartedMain]o.s.b.w.s.c.AnnotationConfigServletWebServerApplicationContext.prepareRefresh:588 -Refreshing org.springframework.boot.web.servlet.context.AnnotationConfigServletWebServerApplicationContext@57a9990b: startup date [Wed Mar 13 12:13:54 CST 2019]; root of context hierarchy
2019-03-13 12:13:55.141 INFO [restartedMain]o.s.boot.web.embedded.tomcat.TomcatWebServer.initialize:91 -Tomcat initialized with port(s): 7000 (http)
2019-03-13 12:13:55.143 INFO [restartedMain]org.apache.coyote.http11.Http11NioProtocol.log:180 -Initializing ProtocolHandler ["http-nio-7000"]
2019-03-13 12:13:55.143 INFO [restartedMain]org.apache.catalina.core.StandardService.log:180 -Starting service [Tomcat]
2019-03-13 12:13:55.144 INFO [restartedMain]org.apache.catalina.core.StandardEngine.log:180 -Starting Servlet Engine: Apache Tomcat/8.5.34
2019-03-13 12:13:55.166 INFO [localhost-startStop-1]o.a.catalina.core.ContainerBase.[Tomcat].[localhost].[/].log:180 -Initializing Spring embedded WebApplicationContext
2019-03-13 12:13:55.167 INFO [localhost-startStop-1]org.springframework.web.context.ContextLoader.prepareWebApplicationContext:285 -Root WebApplicationContext: initialization completed in 665 ms
2019-03-13 12:13:55.186 INFO [localhost-startStop-1]o.s.boot.web.servlet.ServletRegistrationBean.addRegistration:187 -Servlet dispatcherServlet mapped to [/]
2019-03-13 12:13:55.187 INFO [localhost-startStop-1]o.s.boot.web.servlet.FilterRegistrationBean.configure:245 -Mapping filter: 'characterEncodingFilter' to: [/*]
2019-03-13 12:13:55.187 INFO [localhost-startStop-1]o.s.boot.web.servlet.FilterRegistrationBean.configure:245 -Mapping filter: 'hiddenHttpMethodFilter' to: [/*]
2019-03-13 12:13:55.187 INFO [localhost-startStop-1]o.s.boot.web.servlet.FilterRegistrationBean.configure:245 -Mapping filter: 'httpPutFormContentFilter' to: [/*]
2019-03-13 12:13:55.187 INFO [localhost-startStop-1]o.s.boot.web.servlet.FilterRegistrationBean.configure:245 -Mapping filter: 'requestContextFilter' to: [/*]
2019-03-13 12:13:55.228 INFO [restartedMain]o.s.web.servlet.handler.SimpleUrlHandlerMapping.registerHandler:373 -Mapped URL path [/**/favicon.ico] onto handler of type [class org.springframework.web.servlet.resource.ResourceHttpRequestHandler]
2019-03-13 12:13:55.303 INFO [restartedMain]o.s.w.s.m.method.annotation.RequestMappingHandlerAdapter.initControllerAdviceCache:588 -Looking for @ControllerAdvice: org.springframework.boot.web.servlet.context.AnnotationConfigServletWebServerApplicationContext@57a9990b: startup date [Wed Mar 13 12:13:54 CST 2019]; root of context hierarchy
2019-03-13 12:13:55.320 INFO [restartedMain]o.s.w.s.m.method.annotation.RequestMappingHandlerMapping.register:549 -Mapped "{[/testLambda]}" onto public java.lang.String com.zhisijie.learning.lambda.controller.LambdaController.testLambda(java.lang.String)
2019-03-13 12:13:55.325 INFO [restartedMain]o.s.w.s.m.method.annotation.RequestMappingHandlerMapping.register:549 -Mapped "{[/error]}" onto public org.springframework.http.ResponseEntity<java.util.Map<java.lang.String, java.lang.Object>> org.springframework.boot.autoconfigure.web.servlet.error.BasicErrorController.error(javax.servlet.http.HttpServletRequest)
2019-03-13 12:13:55.326 INFO [restartedMain]o.s.w.s.m.method.annotation.RequestMappingHandlerMapping.register:549 -Mapped "{[/error],produces=[text/html]}" onto public org.springframework.web.servlet.ModelAndView org.springframework.boot.autoconfigure.web.servlet.error.BasicErrorController.errorHtml(javax.servlet.http.HttpServletRequest,javax.servlet.http.HttpServletResponse)
2019-03-13 12:13:55.343 INFO [restartedMain]o.s.web.servlet.handler.SimpleUrlHandlerMapping.registerHandler:373 -Mapped URL path [/webjars/**] onto handler of type [class org.springframework.web.servlet.resource.ResourceHttpRequestHandler]
2019-03-13 12:13:55.344 INFO [restartedMain]o.s.web.servlet.handler.SimpleUrlHandlerMapping.registerHandler:373 -Mapped URL path [/**] onto handler of type [class org.springframework.web.servlet.resource.ResourceHttpRequestHandler]
2019-03-13 12:13:55.436 WARN [restartedMain]o.s.boot.devtools.autoconfigure.OptionalLiveReloadServer.startServer:61 -Unable to start LiveReload server
2019-03-13 12:13:55.534 INFO [restartedMain]o.s.jmx.export.annotation.AnnotationMBeanExporter.afterSingletonsInstantiated:433 -Registering beans for JMX exposure on startup
2019-03-13 12:13:55.550 INFO [restartedMain]org.apache.coyote.http11.Http11NioProtocol.log:180 -Starting ProtocolHandler ["http-nio-7000"]
2019-03-13 12:13:55.552 INFO [restartedMain]org.apache.tomcat.util.net.NioSelectorPool.log:180 -Using a shared selector for servlet write/read
2019-03-13 12:13:55.559 INFO [restartedMain]o.s.boot.web.embedded.tomcat.TomcatWebServer.start:206 -Tomcat started on port(s): 7000 (http) with context path ''
2019-03-13 12:13:55.562 INFO [restartedMain]com.zhisijie.learning.lambda.DemoApplication.logStarted:59 -Started DemoApplication in 1.136 seconds (JVM running for 228.669)
2019-03-13 12:13:55.569 INFO [restartedMain]o.s.b.d.a.ConditionEvaluationDeltaLoggingListener.onApplicationEvent:56 -Condition evaluation unchanged
2019-03-13 12:14:00.241 INFO [http-nio-7000-exec-2]o.a.catalina.core.ContainerBase.[Tomcat].[localhost].[/].log:180 -Initializing Spring FrameworkServlet 'dispatcherServlet'
2019-03-13 12:14:00.241 INFO [http-nio-7000-exec-2]org.springframework.web.servlet.DispatcherServlet.initServletBean:494 -FrameworkServlet 'dispatcherServlet': initialization started
2019-03-13 12:14:00.248 INFO [http-nio-7000-exec-2]org.springframework.web.servlet.DispatcherServlet.initServletBean:509 -FrameworkServlet 'dispatcherServlet': initialization completed in 7 ms
2019-03-13 12:15:52.673 INFO [Thread-25]o.s.b.w.s.c.AnnotationConfigServletWebServerApplicationContext.doClose:991 -Closing org.springframework.boot.web.servlet.context.AnnotationConfigServletWebServerApplicationContext@57a9990b: startup date [Wed Mar 13 12:13:54 CST 2019]; root of context hierarchy
2019-03-13 12:15:52.678 INFO [Thread-25]o.s.jmx.export.annotation.AnnotationMBeanExporter.destroy:451 -Unregistering JMX-exposed beans on shutdown
2019-03-13 12:15:53.368 INFO [restartedMain]com.zhisijie.learning.lambda.DemoApplication.logStarting:50 -Starting DemoApplication on EDZ-20180717ILB with PID 10800 (C:\Users\Administrator\Desktop\learning\SpringBootLearning\lambda\target\classes started by Administrator in C:\Users\Administrator\Desktop\learning\SpringBootLearning\lambda)
2019-03-13 12:15:53.369 INFO [restartedMain]com.zhisijie.learning.lambda.DemoApplication.logStartupProfileInfo:654 -No active profile set, falling back to default profiles: default
2019-03-13 12:15:53.373 INFO [restartedMain]o.s.b.w.s.c.AnnotationConfigServletWebServerApplicationContext.prepareRefresh:588 -Refreshing org.springframework.boot.web.servlet.context.AnnotationConfigServletWebServerApplicationContext@26981d0: startup date [Wed Mar 13 12:15:53 CST 2019]; root of context hierarchy
2019-03-13 12:15:54.159 INFO [restartedMain]o.s.boot.web.embedded.tomcat.TomcatWebServer.initialize:91 -Tomcat initialized with port(s): 7000 (http)
2019-03-13 12:15:54.161 INFO [restartedMain]org.apache.coyote.http11.Http11NioProtocol.log:180 -Initializing ProtocolHandler ["http-nio-7000"]
2019-03-13 12:15:54.163 INFO [restartedMain]org.apache.catalina.core.StandardService.log:180 -Starting service [Tomcat]
2019-03-13 12:15:54.163 INFO [restartedMain]org.apache.catalina.core.StandardEngine.log:180 -Starting Servlet Engine: Apache Tomcat/8.5.34
2019-03-13 12:15:54.188 INFO [localhost-startStop-1]o.a.catalina.core.ContainerBase.[Tomcat].[localhost].[/].log:180 -Initializing Spring embedded WebApplicationContext
2019-03-13 12:15:54.189 INFO [localhost-startStop-1]org.springframework.web.context.ContextLoader.prepareWebApplicationContext:285 -Root WebApplicationContext: initialization completed in 816 ms
2019-03-13 12:15:54.205 INFO [localhost-startStop-1]o.s.boot.web.servlet.ServletRegistrationBean.addRegistration:187 -Servlet dispatcherServlet mapped to [/]
2019-03-13 12:15:54.206 INFO [localhost-startStop-1]o.s.boot.web.servlet.FilterRegistrationBean.configure:245 -Mapping filter: 'characterEncodingFilter' to: [/*]
2019-03-13 12:15:54.206 INFO [localhost-startStop-1]o.s.boot.web.servlet.FilterRegistrationBean.configure:245 -Mapping filter: 'hiddenHttpMethodFilter' to: [/*]
2019-03-13 12:15:54.207 INFO [localhost-startStop-1]o.s.boot.web.servlet.FilterRegistrationBean.configure:245 -Mapping filter: 'httpPutFormContentFilter' to: [/*]
2019-03-13 12:15:54.207 INFO [localhost-startStop-1]o.s.boot.web.servlet.FilterRegistrationBean.configure:245 -Mapping filter: 'requestContextFilter' to: [/*]
2019-03-13 12:15:54.247 INFO [restartedMain]o.s.web.servlet.handler.SimpleUrlHandlerMapping.registerHandler:373 -Mapped URL path [/**/favicon.ico] onto handler of type [class org.springframework.web.servlet.resource.ResourceHttpRequestHandler]
2019-03-13 12:15:54.315 INFO [restartedMain]o.s.w.s.m.method.annotation.RequestMappingHandlerAdapter.initControllerAdviceCache:588 -Looking for @ControllerAdvice: org.springframework.boot.web.servlet.context.AnnotationConfigServletWebServerApplicationContext@26981d0: startup date [Wed Mar 13 12:15:53 CST 2019]; root of context hierarchy
2019-03-13 12:15:54.334 INFO [restartedMain]o.s.w.s.m.method.annotation.RequestMappingHandlerMapping.register:549 -Mapped "{[/testLambda]}" onto public java.lang.String com.zhisijie.learning.lambda.controller.LambdaController.testLambda(java.lang.String)
2019-03-13 12:15:54.342 INFO [restartedMain]o.s.w.s.m.method.annotation.RequestMappingHandlerMapping.register:549 -Mapped "{[/error]}" onto public org.springframework.http.ResponseEntity<java.util.Map<java.lang.String, java.lang.Object>> org.springframework.boot.autoconfigure.web.servlet.error.BasicErrorController.error(javax.servlet.http.HttpServletRequest)
2019-03-13 12:15:54.343 INFO [restartedMain]o.s.w.s.m.method.annotation.RequestMappingHandlerMapping.register:549 -Mapped "{[/error],produces=[text/html]}" onto public org.springframework.web.servlet.ModelAndView org.springframework.boot.autoconfigure.web.servlet.error.BasicErrorController.errorHtml(javax.servlet.http.HttpServletRequest,javax.servlet.http.HttpServletResponse)
2019-03-13 12:15:54.369 INFO [restartedMain]o.s.web.servlet.handler.SimpleUrlHandlerMapping.registerHandler:373 -Mapped URL path [/webjars/**] onto handler of type [class org.springframework.web.servlet.resource.ResourceHttpRequestHandler]
2019-03-13 12:15:54.371 INFO [restartedMain]o.s.web.servlet.handler.SimpleUrlHandlerMapping.registerHandler:373 -Mapped URL path [/**] onto handler of type [class org.springframework.web.servlet.resource.ResourceHttpRequestHandler]
2019-03-13 12:15:54.524 WARN [restartedMain]o.s.boot.devtools.autoconfigure.OptionalLiveReloadServer.startServer:61 -Unable to start LiveReload server
2019-03-13 12:15:54.594 INFO [restartedMain]o.s.jmx.export.annotation.AnnotationMBeanExporter.afterSingletonsInstantiated:433 -Registering beans for JMX exposure on startup
2019-03-13 12:15:54.611 INFO [restartedMain]org.apache.coyote.http11.Http11NioProtocol.log:180 -Starting ProtocolHandler ["http-nio-7000"]
2019-03-13 12:15:54.613 INFO [restartedMain]org.apache.tomcat.util.net.NioSelectorPool.log:180 -Using a shared selector for servlet write/read
2019-03-13 12:15:54.618 INFO [restartedMain]o.s.boot.web.embedded.tomcat.TomcatWebServer.start:206 -Tomcat started on port(s): 7000 (http) with context path ''
2019-03-13 12:15:54.620 INFO [restartedMain]com.zhisijie.learning.lambda.DemoApplication.logStarted:59 -Started DemoApplication in 1.313 seconds (JVM running for 347.724)
2019-03-13 12:15:54.627 INFO [restartedMain]o.s.b.d.a.ConditionEvaluationDeltaLoggingListener.onApplicationEvent:56 -Condition evaluation unchanged
2019-03-13 12:16:39.676 INFO [Thread-31]o.s.b.w.s.c.AnnotationConfigServletWebServerApplicationContext.doClose:991 -Closing org.springframework.boot.web.servlet.context.AnnotationConfigServletWebServerApplicationContext@26981d0: startup date [Wed Mar 13 12:15:53 CST 2019]; root of context hierarchy
2019-03-13 12:16:39.679 INFO [Thread-31]o.s.jmx.export.annotation.AnnotationMBeanExporter.destroy:451 -Unregistering JMX-exposed beans on shutdown
2019-03-13 12:16:40.304 INFO [restartedMain]com.zhisijie.learning.lambda.DemoApplication.logStarting:50 -Starting DemoApplication on EDZ-20180717ILB with PID 10800 (C:\Users\Administrator\Desktop\learning\SpringBootLearning\lambda\target\classes started by Administrator in C:\Users\Administrator\Desktop\learning\SpringBootLearning\lambda)
2019-03-13 12:16:40.305 INFO [restartedMain]com.zhisijie.learning.lambda.DemoApplication.logStartupProfileInfo:654 -No active profile set, falling back to default profiles: default
2019-03-13 12:16:40.309 INFO [restartedMain]o.s.b.w.s.c.AnnotationConfigServletWebServerApplicationContext.prepareRefresh:588 -Refreshing org.springframework.boot.web.servlet.context.AnnotationConfigServletWebServerApplicationContext@47604482: startup date [Wed Mar 13 12:16:40 CST 2019]; root of context hierarchy
2019-03-13 12:16:41.023 INFO [restartedMain]o.s.boot.web.embedded.tomcat.TomcatWebServer.initialize:91 -Tomcat initialized with port(s): 7000 (http)
2019-03-13 12:16:41.025 INFO [restartedMain]org.apache.coyote.http11.Http11NioProtocol.log:180 -Initializing ProtocolHandler ["http-nio-7000"]
2019-03-13 12:16:41.027 INFO [restartedMain]org.apache.catalina.core.StandardService.log:180 -Starting service [Tomcat]
2019-03-13 12:16:41.027 INFO [restartedMain]org.apache.catalina.core.StandardEngine.log:180 -Starting Servlet Engine: Apache Tomcat/8.5.34
2019-03-13 12:16:41.059 INFO [localhost-startStop-1]o.a.catalina.core.ContainerBase.[Tomcat].[localhost].[/].log:180 -Initializing Spring embedded WebApplicationContext
2019-03-13 12:16:41.060 INFO [localhost-startStop-1]org.springframework.web.context.ContextLoader.prepareWebApplicationContext:285 -Root WebApplicationContext: initialization completed in 751 ms
2019-03-13 12:16:41.083 INFO [localhost-startStop-1]o.s.boot.web.servlet.ServletRegistrationBean.addRegistration:187 -Servlet dispatcherServlet mapped to [/]
2019-03-13 12:16:41.086 INFO [localhost-startStop-1]o.s.boot.web.servlet.FilterRegistrationBean.configure:245 -Mapping filter: 'characterEncodingFilter' to: [/*]
2019-03-13 12:16:41.086 INFO [localhost-startStop-1]o.s.boot.web.servlet.FilterRegistrationBean.configure:245 -Mapping filter: 'hiddenHttpMethodFilter' to: [/*]
2019-03-13 12:16:41.088 INFO [localhost-startStop-1]o.s.boot.web.servlet.FilterRegistrationBean.configure:245 -Mapping filter: 'httpPutFormContentFilter' to: [/*]
2019-03-13 12:16:41.088 INFO [localhost-startStop-1]o.s.boot.web.servlet.FilterRegistrationBean.configure:245 -Mapping filter: 'requestContextFilter' to: [/*]
2019-03-13 12:16:41.167 INFO [restartedMain]o.s.web.servlet.handler.SimpleUrlHandlerMapping.registerHandler:373 -Mapped URL path [/**/favicon.ico] onto handler of type [class org.springframework.web.servlet.resource.ResourceHttpRequestHandler]
2019-03-13 12:16:41.232 INFO [restartedMain]o.s.w.s.m.method.annotation.RequestMappingHandlerAdapter.initControllerAdviceCache:588 -Looking for @ControllerAdvice: org.springframework.boot.web.servlet.context.AnnotationConfigServletWebServerApplicationContext@47604482: startup date [Wed Mar 13 12:16:40 CST 2019]; root of context hierarchy
2019-03-13 12:16:41.250 INFO [restartedMain]o.s.w.s.m.method.annotation.RequestMappingHandlerMapping.register:549 -Mapped "{[/testLambda]}" onto public java.lang.String com.zhisijie.learning.lambda.controller.LambdaController.testLambda(java.lang.String)
2019-03-13 12:16:41.256 INFO [restartedMain]o.s.w.s.m.method.annotation.RequestMappingHandlerMapping.register:549 -Mapped "{[/error]}" onto public org.springframework.http.ResponseEntity<java.util.Map<java.lang.String, java.lang.Object>> org.springframework.boot.autoconfigure.web.servlet.error.BasicErrorController.error(javax.servlet.http.HttpServletRequest)
2019-03-13 12:16:41.256 INFO [restartedMain]o.s.w.s.m.method.annotation.RequestMappingHandlerMapping.register:549 -Mapped "{[/error],produces=[text/html]}" onto public org.springframework.web.servlet.ModelAndView org.springframework.boot.autoconfigure.web.servlet.error.BasicErrorController.errorHtml(javax.servlet.http.HttpServletRequest,javax.servlet.http.HttpServletResponse)
2019-03-13 12:16:41.272 INFO [restartedMain]o.s.web.servlet.handler.SimpleUrlHandlerMapping.registerHandler:373 -Mapped URL path [/webjars/**] onto handler of type [class org.springframework.web.servlet.resource.ResourceHttpRequestHandler]
2019-03-13 12:16:41.273 INFO [restartedMain]o.s.web.servlet.handler.SimpleUrlHandlerMapping.registerHandler:373 -Mapped URL path [/**] onto handler of type [class org.springframework.web.servlet.resource.ResourceHttpRequestHandler]
2019-03-13 12:16:41.415 WARN [restartedMain]o.s.boot.devtools.autoconfigure.OptionalLiveReloadServer.startServer:61 -Unable to start LiveReload server
2019-03-13 12:16:41.510 INFO [restartedMain]o.s.jmx.export.annotation.AnnotationMBeanExporter.afterSingletonsInstantiated:433 -Registering beans for JMX exposure on startup
2019-03-13 12:16:41.525 INFO [restartedMain]org.apache.coyote.http11.Http11NioProtocol.log:180 -Starting ProtocolHandler ["http-nio-7000"]
2019-03-13 12:16:41.527 INFO [restartedMain]org.apache.tomcat.util.net.NioSelectorPool.log:180 -Using a shared selector for servlet write/read
2019-03-13 12:16:41.539 INFO [restartedMain]o.s.boot.web.embedded.tomcat.TomcatWebServer.start:206 -Tomcat started on port(s): 7000 (http) with context path ''
2019-03-13 12:16:41.542 INFO [restartedMain]com.zhisijie.learning.lambda.DemoApplication.logStarted:59 -Started DemoApplication in 1.29 seconds (JVM running for 394.643)
2019-03-13 12:16:41.547 INFO [restartedMain]o.s.b.d.a.ConditionEvaluationDeltaLoggingListener.onApplicationEvent:56 -Condition evaluation unchanged
2019-03-13 12:16:46.360 INFO [http-nio-7000-exec-2]o.a.catalina.core.ContainerBase.[Tomcat].[localhost].[/].log:180 -Initializing Spring FrameworkServlet 'dispatcherServlet'
2019-03-13 12:16:46.361 INFO [http-nio-7000-exec-2]org.springframework.web.servlet.DispatcherServlet.initServletBean:494 -FrameworkServlet 'dispatcherServlet': initialization started
2019-03-13 12:16:46.368 INFO [http-nio-7000-exec-2]org.springframework.web.servlet.DispatcherServlet.initServletBean:509 -FrameworkServlet 'dispatcherServlet': initialization completed in 7 ms
2019-03-13 12:17:09.508 INFO [Thread-37]o.s.b.w.s.c.AnnotationConfigServletWebServerApplicationContext.doClose:991 -Closing org.springframework.boot.web.servlet.context.AnnotationConfigServletWebServerApplicationContext@47604482: startup date [Wed Mar 13 12:16:40 CST 2019]; root of context hierarchy
2019-03-13 12:17:09.511 INFO [Thread-37]o.s.jmx.export.annotation.AnnotationMBeanExporter.destroy:451 -Unregistering JMX-exposed beans on shutdown
2019-03-13 12:17:10.141 INFO [restartedMain]com.zhisijie.learning.lambda.DemoApplication.logStarting:50 -Starting DemoApplication on EDZ-20180717ILB with PID 10800 (C:\Users\Administrator\Desktop\learning\SpringBootLearning\lambda\target\classes started by Administrator in C:\Users\Administrator\Desktop\learning\SpringBootLearning\lambda)
2019-03-13 12:17:10.143 INFO [restartedMain]com.zhisijie.learning.lambda.DemoApplication.logStartupProfileInfo:654 -No active profile set, falling back to default profiles: default
2019-03-13 12:17:10.148 INFO [restartedMain]o.s.b.w.s.c.AnnotationConfigServletWebServerApplicationContext.prepareRefresh:588 -Refreshing org.springframework.boot.web.servlet.context.AnnotationConfigServletWebServerApplicationContext@4d6edbd8: startup date [Wed Mar 13 12:17:10 CST 2019]; root of context hierarchy
2019-03-13 12:17:10.873 INFO [restartedMain]o.s.boot.web.embedded.tomcat.TomcatWebServer.initialize:91 -Tomcat initialized with port(s): 7000 (http)
2019-03-13 12:17:10.875 INFO [restartedMain]org.apache.coyote.http11.Http11NioProtocol.log:180 -Initializing ProtocolHandler ["http-nio-7000"]
2019-03-13 12:17:10.876 INFO [restartedMain]org.apache.catalina.core.StandardService.log:180 -Starting service [Tomcat]
2019-03-13 12:17:10.876 INFO [restartedMain]org.apache.catalina.core.StandardEngine.log:180 -Starting Servlet Engine: Apache Tomcat/8.5.34
2019-03-13 12:17:10.921 INFO [localhost-startStop-1]o.a.catalina.core.ContainerBase.[Tomcat].[localhost].[/].log:180 -Initializing Spring embedded WebApplicationContext
2019-03-13 12:17:10.922 INFO [localhost-startStop-1]org.springframework.web.context.ContextLoader.prepareWebApplicationContext:285 -Root WebApplicationContext: initialization completed in 774 ms
2019-03-13 12:17:10.946 INFO [localhost-startStop-1]o.s.boot.web.servlet.ServletRegistrationBean.addRegistration:187 -Servlet dispatcherServlet mapped to [/]
2019-03-13 12:17:10.949 INFO [localhost-startStop-1]o.s.boot.web.servlet.FilterRegistrationBean.configure:245 -Mapping filter: 'characterEncodingFilter' to: [/*]
2019-03-13 12:17:10.949 INFO [localhost-startStop-1]o.s.boot.web.servlet.FilterRegistrationBean.configure:245 -Mapping filter: 'hiddenHttpMethodFilter' to: [/*]
2019-03-13 12:17:10.949 INFO [localhost-startStop-1]o.s.boot.web.servlet.FilterRegistrationBean.configure:245 -Mapping filter: 'httpPutFormContentFilter' to: [/*]
2019-03-13 12:17:10.950 INFO [localhost-startStop-1]o.s.boot.web.servlet.FilterRegistrationBean.configure:245 -Mapping filter: 'requestContextFilter' to: [/*]
2019-03-13 12:17:10.998 INFO [restartedMain]o.s.web.servlet.handler.SimpleUrlHandlerMapping.registerHandler:373 -Mapped URL path [/**/favicon.ico] onto handler of type [class org.springframework.web.servlet.resource.ResourceHttpRequestHandler]
2019-03-13 12:17:11.082 INFO [restartedMain]o.s.w.s.m.method.annotation.RequestMappingHandlerAdapter.initControllerAdviceCache:588 -Looking for @ControllerAdvice: org.springframework.boot.web.servlet.context.AnnotationConfigServletWebServerApplicationContext@4d6edbd8: startup date [Wed Mar 13 12:17:10 CST 2019]; root of context hierarchy
2019-03-13 12:17:11.098 INFO [restartedMain]o.s.w.s.m.method.annotation.RequestMappingHandlerMapping.register:549 -Mapped "{[/testLambda]}" onto public java.lang.String com.zhisijie.learning.lambda.controller.LambdaController.testLambda(java.lang.String)
2019-03-13 12:17:11.104 INFO [restartedMain]o.s.w.s.m.method.annotation.RequestMappingHandlerMapping.register:549 -Mapped "{[/error]}" onto public org.springframework.http.ResponseEntity<java.util.Map<java.lang.String, java.lang.Object>> org.springframework.boot.autoconfigure.web.servlet.error.BasicErrorController.error(javax.servlet.http.HttpServletRequest)
2019-03-13 12:17:11.106 INFO [restartedMain]o.s.w.s.m.method.annotation.RequestMappingHandlerMapping.register:549 -Mapped "{[/error],produces=[text/html]}" onto public org.springframework.web.servlet.ModelAndView org.springframework.boot.autoconfigure.web.servlet.error.BasicErrorController.errorHtml(javax.servlet.http.HttpServletRequest,javax.servlet.http.HttpServletResponse)
2019-03-13 12:17:11.125 INFO [restartedMain]o.s.web.servlet.handler.SimpleUrlHandlerMapping.registerHandler:373 -Mapped URL path [/webjars/**] onto handler of type [class org.springframework.web.servlet.resource.ResourceHttpRequestHandler]
2019-03-13 12:17:11.126 INFO [restartedMain]o.s.web.servlet.handler.SimpleUrlHandlerMapping.registerHandler:373 -Mapped URL path [/**] onto handler of type [class org.springframework.web.servlet.resource.ResourceHttpRequestHandler]
2019-03-13 12:17:11.215 WARN [restartedMain]o.s.boot.devtools.autoconfigure.OptionalLiveReloadServer.startServer:61 -Unable to start LiveReload server
2019-03-13 12:17:11.279 INFO [restartedMain]o.s.jmx.export.annotation.AnnotationMBeanExporter.afterSingletonsInstantiated:433 -Registering beans for JMX exposure on startup
2019-03-13 12:17:11.289 INFO [restartedMain]org.apache.coyote.http11.Http11NioProtocol.log:180 -Starting ProtocolHandler ["http-nio-7000"]
2019-03-13 12:17:11.291 INFO [restartedMain]org.apache.tomcat.util.net.NioSelectorPool.log:180 -Using a shared selector for servlet write/read
2019-03-13 12:17:11.304 INFO [restartedMain]o.s.boot.web.embedded.tomcat.TomcatWebServer.start:206 -Tomcat started on port(s): 7000 (http) with context path ''
2019-03-13 12:17:11.312 INFO [restartedMain]com.zhisijie.learning.lambda.DemoApplication.logStarted:59 -Started DemoApplication in 1.228 seconds (JVM running for 424.413)
2019-03-13 12:17:11.321 INFO [restartedMain]o.s.b.d.a.ConditionEvaluationDeltaLoggingListener.onApplicationEvent:56 -Condition evaluation unchanged
2019-03-13 12:17:21.458 INFO [http-nio-7000-exec-2]o.a.catalina.core.ContainerBase.[Tomcat].[localhost].[/].log:180 -Initializing Spring FrameworkServlet 'dispatcherServlet'
2019-03-13 12:17:21.459 INFO [http-nio-7000-exec-2]org.springframework.web.servlet.DispatcherServlet.initServletBean:494 -FrameworkServlet 'dispatcherServlet': initialization started
2019-03-13 12:17:21.467 INFO [http-nio-7000-exec-2]org.springframework.web.servlet.DispatcherServlet.initServletBean:509 -FrameworkServlet 'dispatcherServlet': initialization completed in 7 ms
