2019-01-13 15:39:58.640 INFO [restartedMain]com.example.demo.DemoApplication.logStarting:50 -Starting DemoApplication on KQQAN1SV2VRJCEY with PID 10780 (C:\Users\Administrator\Desktop\Learning\SpringbootLeaning\SpringBootLearning\version1.0\demo\target\classes started by Administrator in C:\Users\Administrator\Desktop\Learning\SpringbootLeaning\SpringBootLearning\version1.0\demo)
2019-01-13 15:39:58.642 INFO [restartedMain]com.example.demo.DemoApplication.logStartupProfileInfo:654 -No active profile set, falling back to default profiles: default
2019-01-13 15:39:58.741 INFO [restartedMain]o.s.b.w.s.c.AnnotationConfigServletWebServerApplicationContext.prepareRefresh:588 -Refreshing org.springframework.boot.web.servlet.context.AnnotationConfigServletWebServerApplicationContext@618605a3: startup date [Sun Jan 13 15:39:58 CST 2019]; root of context hierarchy
2019-01-13 15:39:59.675 INFO [restartedMain]o.s.d.repository.config.RepositoryConfigurationDelegate.multipleStoresDetected:172 -Multiple Spring Data modules found, entering strict repository configuration mode!
2019-01-13 15:40:00.106 INFO [restartedMain]o.s.c.s.PostProcessorRegistrationDelegate$BeanPostProcessorChecker.postProcessAfterInitialization:326 -Bean 'org.springframework.transaction.annotation.ProxyTransactionManagementConfiguration' of type [org.springframework.transaction.annotation.ProxyTransactionManagementConfiguration$$EnhancerBySpringCGLIB$$ca7e58b7] is not eligible for getting processed by all BeanPostProcessors (for example: not eligible for auto-proxying)
2019-01-13 15:40:00.523 INFO [restartedMain]o.s.boot.web.embedded.tomcat.TomcatWebServer.initialize:91 -Tomcat initialized with port(s): 8090 (http)
2019-01-13 15:40:00.535 INFO [restartedMain]org.apache.coyote.http11.Http11NioProtocol.log:180 -Initializing ProtocolHandler ["http-nio-8090"]
2019-01-13 15:40:00.549 INFO [restartedMain]org.apache.catalina.core.StandardService.log:180 -Starting service [Tomcat]
2019-01-13 15:40:00.549 INFO [restartedMain]org.apache.catalina.core.StandardEngine.log:180 -Starting Servlet Engine: Apache Tomcat/8.5.35
2019-01-13 15:40:00.553 INFO [localhost-startStop-1]org.apache.catalina.core.AprLifecycleListener.log:180 -The APR based Apache Tomcat Native library which allows optimal performance in production environments was not found on the java.library.path: [D:\InstallToUse\eclipse\JDK\bin;C:\Windows\Sun\Java\bin;C:\Windows\system32;C:\Windows;C:\Program Files (x86)\Common Files\Oracle\Java\javapath;E:\app\Administrator\product\11.2.0\dbhome_1\bin;C:\ProgramData\Oracle\Java\javapath;D:\mysql\bin;D:\InstallToUse\eclipse\JDK\bin;D:\InstallToUse\eclipse\JDK\jre\bin;D:\InstallToUse\Git\Git\cmd;D:\InstallToUse\nodejs\;D:\InstallToUse\Maven\apache-maven-3.5.4\bin;C:\Users\Administrator\AppData\Roaming\npm;D:\InstallToUse\SSH;D:\InstallToUse\VSCode\Microsoft VS Code\bin;.]
2019-01-13 15:40:00.656 INFO [localhost-startStop-1]o.a.catalina.core.ContainerBase.[Tomcat].[localhost].[/].log:180 -Initializing Spring embedded WebApplicationContext
2019-01-13 15:40:00.657 INFO [localhost-startStop-1]org.springframework.web.context.ContextLoader.prepareWebApplicationContext:296 -Root WebApplicationContext: initialization completed in 1916 ms
2019-01-13 15:40:00.822 INFO [localhost-startStop-1]o.s.boot.web.servlet.ServletRegistrationBean.addRegistration:187 -Servlet dispatcherServlet mapped to [/]
2019-01-13 15:40:00.825 INFO [localhost-startStop-1]o.s.boot.web.servlet.ServletRegistrationBean.addRegistration:187 -Servlet TestServlet mapped to [/testServlet]
2019-01-13 15:40:00.829 INFO [localhost-startStop-1]o.s.boot.web.servlet.FilterRegistrationBean.configure:245 -Mapping filter: 'characterEncodingFilter' to: [/*]
2019-01-13 15:40:00.830 INFO [localhost-startStop-1]o.s.boot.web.servlet.FilterRegistrationBean.configure:245 -Mapping filter: 'hiddenHttpMethodFilter' to: [/*]
2019-01-13 15:40:00.831 INFO [localhost-startStop-1]o.s.boot.web.servlet.FilterRegistrationBean.configure:245 -Mapping filter: 'httpPutFormContentFilter' to: [/*]
2019-01-13 15:40:00.831 INFO [localhost-startStop-1]o.s.boot.web.servlet.FilterRegistrationBean.configure:245 -Mapping filter: 'requestContextFilter' to: [/*]
2019-01-13 15:40:00.831 INFO [localhost-startStop-1]o.s.boot.web.servlet.FilterRegistrationBean.configure:258 -Mapping filter: 'DemoFilter' to urls: [/testFilter/*]
2019-01-13 15:40:01.536 INFO [restartedMain]o.s.web.servlet.handler.SimpleUrlHandlerMapping.registerHandler:373 -Mapped URL path [/**/favicon.ico] onto handler of type [class org.springframework.web.servlet.resource.ResourceHttpRequestHandler]
2019-01-13 15:40:01.754 INFO [restartedMain]o.s.w.s.m.method.annotation.RequestMappingHandlerAdapter.initControllerAdviceCache:588 -Looking for @ControllerAdvice: org.springframework.boot.web.servlet.context.AnnotationConfigServletWebServerApplicationContext@618605a3: startup date [Sun Jan 13 15:39:58 CST 2019]; root of context hierarchy
2019-01-13 15:40:01.805 INFO [restartedMain]o.s.w.s.m.method.annotation.RequestMappingHandlerMapping.register:550 -Mapped "{[/testException]}" onto public java.lang.Object com.example.demo.controller.ExceptionController.testException()
2019-01-13 15:40:01.806 INFO [restartedMain]o.s.w.s.m.method.annotation.RequestMappingHandlerMapping.register:550 -Mapped "{[/testError]}" onto public java.lang.Object com.example.demo.controller.ExceptionController.myexc()
2019-01-13 15:40:01.806 INFO [restartedMain]o.s.w.s.m.method.annotation.RequestMappingHandlerMapping.register:550 -Mapped "{[/testCatch]}" onto public java.lang.Object com.example.demo.controller.ExceptionController.myCatch()
2019-01-13 15:40:01.808 INFO [restartedMain]o.s.w.s.m.method.annotation.RequestMappingHandlerMapping.register:550 -Mapped "{[/index],methods=[GET]}" onto public java.lang.String com.example.demo.controller.FileController.index()
2019-01-13 15:40:01.808 INFO [restartedMain]o.s.w.s.m.method.annotation.RequestMappingHandlerMapping.register:550 -Mapped "{[/testes]}" onto public java.lang.String com.example.demo.controller.FileController.testes()
2019-01-13 15:40:01.809 INFO [restartedMain]o.s.w.s.m.method.annotation.RequestMappingHandlerMapping.register:550 -Mapped "{[/upload]}" onto public com.example.demo.entity.JsonData com.example.demo.controller.FileController.upload(org.springframework.web.multipart.MultipartFile,java.lang.String)
2019-01-13 15:40:01.810 INFO [restartedMain]o.s.w.s.m.method.annotation.RequestMappingHandlerMapping.register:550 -Mapped "{[/getSetting]}" onto public java.lang.Object com.example.demo.controller.FileController.getSetting()
2019-01-13 15:40:01.811 INFO [restartedMain]o.s.w.s.m.method.annotation.RequestMappingHandlerMapping.register:550 -Mapped "{[/free/api/freemarker],methods=[GET]}" onto public java.lang.String com.example.demo.controller.FreemarkerController.testFreemarker(org.springframework.ui.ModelMap)
2019-01-13 15:40:01.812 INFO [restartedMain]o.s.w.s.m.method.annotation.RequestMappingHandlerMapping.register:550 -Mapped "{[/add_sijie],methods=[GET]}" onto public java.lang.Object com.example.demo.controller.MybatisController.addSijie(com.example.demo.entity.SijieTest)
2019-01-13 15:40:01.812 INFO [restartedMain]o.s.w.s.m.method.annotation.RequestMappingHandlerMapping.register:550 -Mapped "{[/del_sijie],methods=[GET]}" onto public java.lang.String com.example.demo.controller.MybatisController.delSijie(com.example.demo.entity.SijieTest)
2019-01-13 15:40:01.812 INFO [restartedMain]o.s.w.s.m.method.annotation.RequestMappingHandlerMapping.register:550 -Mapped "{[/all_sijie],methods=[GET]}" onto public java.lang.Object com.example.demo.controller.MybatisController.allSijie()
2019-01-13 15:40:01.813 INFO [restartedMain]o.s.w.s.m.method.annotation.RequestMappingHandlerMapping.register:550 -Mapped "{[/one_sijie],methods=[GET]}" onto public java.lang.Object com.example.demo.controller.MybatisController.oneSijie(com.example.demo.entity.SijieTest)
2019-01-13 15:40:01.813 INFO [restartedMain]o.s.w.s.m.method.annotation.RequestMappingHandlerMapping.register:550 -Mapped "{[/update_sijie],methods=[GET]}" onto public java.lang.Object com.example.demo.controller.MybatisController.updateSijie(com.example.demo.entity.SijieTest)
2019-01-13 15:40:01.815 INFO [restartedMain]o.s.w.s.m.method.annotation.RequestMappingHandlerMapping.register:550 -Mapped "{[/api/redis/getTimeout]}" onto public java.lang.Long com.example.demo.controller.RedisController.getTimeout()
2019-01-13 15:40:01.816 INFO [restartedMain]o.s.w.s.m.method.annotation.RequestMappingHandlerMapping.register:550 -Mapped "{[/api/redis/addRedis]}" onto public java.lang.String com.example.demo.controller.RedisController.addRedis()
2019-01-13 15:40:01.816 INFO [restartedMain]o.s.w.s.m.method.annotation.RequestMappingHandlerMapping.register:550 -Mapped "{[/api/redis/getRedis]}" onto public java.lang.String com.example.demo.controller.RedisController.getRedis()
2019-01-13 15:40:01.816 INFO [restartedMain]o.s.w.s.m.method.annotation.RequestMappingHandlerMapping.register:550 -Mapped "{[/api/redis/getuser]}" onto public com.example.demo.entity.UserBean com.example.demo.controller.RedisController.getuser()
2019-01-13 15:40:01.816 INFO [restartedMain]o.s.w.s.m.method.annotation.RequestMappingHandlerMapping.register:550 -Mapped "{[/api/redis/deletekey]}" onto public java.lang.Boolean com.example.demo.controller.RedisController.deletekey()
2019-01-13 15:40:01.818 INFO [restartedMain]o.s.w.s.m.method.annotation.RequestMappingHandlerMapping.register:550 -Mapped "{[/test],methods=[GET]}" onto public java.lang.String com.example.demo.controller.TestController.TestReturn()
2019-01-13 15:40:01.818 INFO [restartedMain]o.s.w.s.m.method.annotation.RequestMappingHandlerMapping.register:550 -Mapped "{[/passwordEncoder],methods=[GET]}" onto public java.lang.String com.example.demo.controller.TestController.passwordEncoder(java.lang.String)
2019-01-13 15:40:01.818 INFO [restartedMain]o.s.w.s.m.method.annotation.RequestMappingHandlerMapping.register:550 -Mapped "{[/test/{user_id}/{part_id}],methods=[GET]}" onto public java.util.Map com.example.demo.controller.TestController.TestMap(java.lang.String,java.lang.String)
2019-01-13 15:40:01.819 INFO [restartedMain]o.s.w.s.m.method.annotation.RequestMappingHandlerMapping.register:550 -Mapped "{[/get_header/{userid}],methods=[GET]}" onto public java.util.Map com.example.demo.controller.TestController.httpHeader(java.lang.String,java.lang.String)
2019-01-13 15:40:01.819 INFO [restartedMain]o.s.w.s.m.method.annotation.RequestMappingHandlerMapping.register:550 -Mapped "{[/getJackJson],methods=[GET]}" onto public com.example.demo.entity.UserBean com.example.demo.controller.TestController.getJackJson()
2019-01-13 15:40:01.819 INFO [restartedMain]o.s.w.s.m.method.annotation.RequestMappingHandlerMapping.register:550 -Mapped "{[/testFilter/test],methods=[GET]}" onto public java.lang.String com.example.demo.controller.TestController.testFilter()
2019-01-13 15:40:01.819 INFO [restartedMain]o.s.w.s.m.method.annotation.RequestMappingHandlerMapping.register:550 -Mapped "{[/api/test],methods=[GET]}" onto public java.lang.String com.example.demo.controller.TestController.testInterceptor()
2019-01-13 15:40:01.819 INFO [restartedMain]o.s.w.s.m.method.annotation.RequestMappingHandlerMapping.register:550 -Mapped "{[/testMD5],methods=[GET]}" onto public java.lang.String com.example.demo.controller.TestController.testMD5(java.lang.String)
2019-01-13 15:40:01.821 INFO [restartedMain]o.s.w.s.m.method.annotation.RequestMappingHandlerMapping.register:550 -Mapped "{[/testThymeleaf],methods=[GET]}" onto public java.lang.String com.example.demo.controller.ThymeleafController.testThymeleaf(org.springframework.ui.ModelMap)
2019-01-13 15:40:01.823 INFO [restartedMain]o.s.w.s.m.method.annotation.RequestMappingHandlerMapping.register:550 -Mapped "{[/error]}" onto public org.springframework.http.ResponseEntity<java.util.Map<java.lang.String, java.lang.Object>> org.springframework.boot.autoconfigure.web.servlet.error.BasicErrorController.error(javax.servlet.http.HttpServletRequest)
2019-01-13 15:40:01.823 INFO [restartedMain]o.s.w.s.m.method.annotation.RequestMappingHandlerMapping.register:550 -Mapped "{[/error],produces=[text/html]}" onto public org.springframework.web.servlet.ModelAndView org.springframework.boot.autoconfigure.web.servlet.error.BasicErrorController.errorHtml(javax.servlet.http.HttpServletRequest,javax.servlet.http.HttpServletResponse)
2019-01-13 15:40:01.849 INFO [restartedMain]o.s.web.servlet.handler.SimpleUrlHandlerMapping.registerHandler:373 -Mapped URL path [/webjars/**] onto handler of type [class org.springframework.web.servlet.resource.ResourceHttpRequestHandler]
2019-01-13 15:40:01.849 INFO [restartedMain]o.s.web.servlet.handler.SimpleUrlHandlerMapping.registerHandler:373 -Mapped URL path [/**] onto handler of type [class org.springframework.web.servlet.resource.ResourceHttpRequestHandler]
2019-01-13 15:40:01.863 INFO [restartedMain]o.s.w.s.m.m.annotation.ExceptionHandlerExceptionResolver.initExceptionHandlerAdviceCache:288 -Detected @ExceptionHandler methods in testExceptionHandler
2019-01-13 15:40:01.898 WARN [restartedMain]org.thymeleaf.templatemode.TemplateMode.parse:150 -[THYMELEAF][restartedMain] Template Mode 'HTML5' is deprecated. Using Template Mode 'HTML' instead.
2019-01-13 15:40:02.261 INFO [restartedMain]o.s.boot.devtools.autoconfigure.OptionalLiveReloadServer.startServer:57 -LiveReload server is running on port 35729
2019-01-13 15:40:02.285 INFO [restartedMain]o.s.jmx.export.annotation.AnnotationMBeanExporter.afterSingletonsInstantiated:433 -Registering beans for JMX exposure on startup
2019-01-13 15:40:02.286 INFO [restartedMain]o.s.jmx.export.annotation.AnnotationMBeanExporter.autodetect:895 -Bean with name 'dataSource' has been autodetected for JMX exposure
2019-01-13 15:40:02.290 INFO [restartedMain]o.s.jmx.export.annotation.AnnotationMBeanExporter.registerBeanInstance:668 -Located MBean 'dataSource': registering with JMX server as MBean [com.zaxxer.hikari:name=dataSource,type=HikariDataSource]
2019-01-13 15:40:02.299 INFO [restartedMain]org.apache.coyote.http11.Http11NioProtocol.log:180 -Starting ProtocolHandler ["http-nio-8090"]
2019-01-13 15:40:02.308 INFO [restartedMain]org.apache.tomcat.util.net.NioSelectorPool.log:180 -Using a shared selector for servlet write/read
2019-01-13 15:40:02.321 INFO [restartedMain]o.s.boot.web.embedded.tomcat.TomcatWebServer.start:206 -Tomcat started on port(s): 8090 (http) with context path ''
2019-01-13 15:40:02.324 INFO [restartedMain]com.example.demo.DemoApplication.logStarted:59 -Started DemoApplication in 4.128 seconds (JVM running for 4.793)
2019-01-13 15:40:12.752 INFO [http-nio-8090-exec-2]o.a.catalina.core.ContainerBase.[Tomcat].[localhost].[/].log:180 -Initializing Spring FrameworkServlet 'dispatcherServlet'
2019-01-13 15:40:12.753 INFO [http-nio-8090-exec-2]org.springframework.web.servlet.DispatcherServlet.initServletBean:497 -FrameworkServlet 'dispatcherServlet': initialization started
2019-01-13 15:40:12.772 INFO [http-nio-8090-exec-2]org.springframework.web.servlet.DispatcherServlet.initServletBean:512 -FrameworkServlet 'dispatcherServlet': initialization completed in 19 ms
2019-01-13 15:40:12.833 WARN [http-nio-8090-exec-2]o.s.w.s.m.m.annotation.ExceptionHandlerExceptionResolver.logException:194 -Resolved exception caused by handler execution: java.lang.ArithmeticException: / by zero
2019-01-13 15:42:23.103 INFO [restartedMain]com.example.demo.DemoApplication.logStarting:50 -Starting DemoApplication on KQQAN1SV2VRJCEY with PID 9420 (C:\Users\Administrator\Desktop\Learning\SpringbootLeaning\SpringBootLearning\version1.0\demo\target\classes started by Administrator in C:\Users\Administrator\Desktop\Learning\SpringbootLeaning\SpringBootLearning\version1.0\demo)
2019-01-13 15:42:23.105 INFO [restartedMain]com.example.demo.DemoApplication.logStartupProfileInfo:654 -No active profile set, falling back to default profiles: default
2019-01-13 15:42:23.240 INFO [restartedMain]o.s.b.w.s.c.AnnotationConfigServletWebServerApplicationContext.prepareRefresh:588 -Refreshing org.springframework.boot.web.servlet.context.AnnotationConfigServletWebServerApplicationContext@62bb9289: startup date [Sun Jan 13 15:42:23 CST 2019]; root of context hierarchy
2019-01-13 15:42:24.178 INFO [restartedMain]o.s.d.repository.config.RepositoryConfigurationDelegate.multipleStoresDetected:172 -Multiple Spring Data modules found, entering strict repository configuration mode!
2019-01-13 15:42:24.555 INFO [restartedMain]o.s.c.s.PostProcessorRegistrationDelegate$BeanPostProcessorChecker.postProcessAfterInitialization:326 -Bean 'org.springframework.transaction.annotation.ProxyTransactionManagementConfiguration' of type [org.springframework.transaction.annotation.ProxyTransactionManagementConfiguration$$EnhancerBySpringCGLIB$$d9d508d0] is not eligible for getting processed by all BeanPostProcessors (for example: not eligible for auto-proxying)
2019-01-13 15:42:24.995 INFO [restartedMain]o.s.boot.web.embedded.tomcat.TomcatWebServer.initialize:91 -Tomcat initialized with port(s): 8090 (http)
2019-01-13 15:42:25.005 INFO [restartedMain]org.apache.coyote.http11.Http11NioProtocol.log:180 -Initializing ProtocolHandler ["http-nio-8090"]
2019-01-13 15:42:25.016 INFO [restartedMain]org.apache.catalina.core.StandardService.log:180 -Starting service [Tomcat]
2019-01-13 15:42:25.017 INFO [restartedMain]org.apache.catalina.core.StandardEngine.log:180 -Starting Servlet Engine: Apache Tomcat/8.5.35
2019-01-13 15:42:25.019 INFO [localhost-startStop-1]org.apache.catalina.core.AprLifecycleListener.log:180 -The APR based Apache Tomcat Native library which allows optimal performance in production environments was not found on the java.library.path: [D:\InstallToUse\eclipse\JDK\bin;C:\Windows\Sun\Java\bin;C:\Windows\system32;C:\Windows;C:\Program Files (x86)\Common Files\Oracle\Java\javapath;E:\app\Administrator\product\11.2.0\dbhome_1\bin;C:\ProgramData\Oracle\Java\javapath;D:\mysql\bin;D:\InstallToUse\eclipse\JDK\bin;D:\InstallToUse\eclipse\JDK\jre\bin;D:\InstallToUse\Git\Git\cmd;D:\InstallToUse\nodejs\;D:\InstallToUse\Maven\apache-maven-3.5.4\bin;C:\Users\Administrator\AppData\Roaming\npm;D:\InstallToUse\SSH;D:\InstallToUse\VSCode\Microsoft VS Code\bin;.]
2019-01-13 15:42:25.106 INFO [localhost-startStop-1]o.a.catalina.core.ContainerBase.[Tomcat].[localhost].[/].log:180 -Initializing Spring embedded WebApplicationContext
2019-01-13 15:42:25.107 INFO [localhost-startStop-1]org.springframework.web.context.ContextLoader.prepareWebApplicationContext:296 -Root WebApplicationContext: initialization completed in 1867 ms
2019-01-13 15:42:25.212 INFO [localhost-startStop-1]o.s.boot.web.servlet.ServletRegistrationBean.addRegistration:187 -Servlet dispatcherServlet mapped to [/]
2019-01-13 15:42:25.213 INFO [localhost-startStop-1]o.s.boot.web.servlet.ServletRegistrationBean.addRegistration:187 -Servlet TestServlet mapped to [/testServlet]
2019-01-13 15:42:25.216 INFO [localhost-startStop-1]o.s.boot.web.servlet.FilterRegistrationBean.configure:245 -Mapping filter: 'characterEncodingFilter' to: [/*]
2019-01-13 15:42:25.216 INFO [localhost-startStop-1]o.s.boot.web.servlet.FilterRegistrationBean.configure:245 -Mapping filter: 'hiddenHttpMethodFilter' to: [/*]
2019-01-13 15:42:25.216 INFO [localhost-startStop-1]o.s.boot.web.servlet.FilterRegistrationBean.configure:245 -Mapping filter: 'httpPutFormContentFilter' to: [/*]
2019-01-13 15:42:25.217 INFO [localhost-startStop-1]o.s.boot.web.servlet.FilterRegistrationBean.configure:245 -Mapping filter: 'requestContextFilter' to: [/*]
2019-01-13 15:42:25.217 INFO [localhost-startStop-1]o.s.boot.web.servlet.FilterRegistrationBean.configure:258 -Mapping filter: 'DemoFilter' to urls: [/testFilter/*]
2019-01-13 15:42:25.763 INFO [restartedMain]o.s.web.servlet.handler.SimpleUrlHandlerMapping.registerHandler:373 -Mapped URL path [/**/favicon.ico] onto handler of type [class org.springframework.web.servlet.resource.ResourceHttpRequestHandler]
2019-01-13 15:42:25.947 INFO [restartedMain]o.s.w.s.m.method.annotation.RequestMappingHandlerAdapter.initControllerAdviceCache:588 -Looking for @ControllerAdvice: org.springframework.boot.web.servlet.context.AnnotationConfigServletWebServerApplicationContext@62bb9289: startup date [Sun Jan 13 15:42:23 CST 2019]; root of context hierarchy
2019-01-13 15:42:25.991 INFO [restartedMain]o.s.w.s.m.method.annotation.RequestMappingHandlerMapping.register:550 -Mapped "{[/testException]}" onto public java.lang.Object com.example.demo.controller.ExceptionController.testException()
2019-01-13 15:42:25.992 INFO [restartedMain]o.s.w.s.m.method.annotation.RequestMappingHandlerMapping.register:550 -Mapped "{[/testError]}" onto public java.lang.Object com.example.demo.controller.ExceptionController.myexc()
2019-01-13 15:42:25.992 INFO [restartedMain]o.s.w.s.m.method.annotation.RequestMappingHandlerMapping.register:550 -Mapped "{[/testCatch]}" onto public java.lang.Object com.example.demo.controller.ExceptionController.myCatch()
2019-01-13 15:42:25.994 INFO [restartedMain]o.s.w.s.m.method.annotation.RequestMappingHandlerMapping.register:550 -Mapped "{[/index],methods=[GET]}" onto public java.lang.String com.example.demo.controller.FileController.index()
2019-01-13 15:42:25.994 INFO [restartedMain]o.s.w.s.m.method.annotation.RequestMappingHandlerMapping.register:550 -Mapped "{[/testes]}" onto public java.lang.String com.example.demo.controller.FileController.testes()
2019-01-13 15:42:25.996 INFO [restartedMain]o.s.w.s.m.method.annotation.RequestMappingHandlerMapping.register:550 -Mapped "{[/upload]}" onto public com.example.demo.entity.JsonData com.example.demo.controller.FileController.upload(org.springframework.web.multipart.MultipartFile,java.lang.String)
2019-01-13 15:42:25.996 INFO [restartedMain]o.s.w.s.m.method.annotation.RequestMappingHandlerMapping.register:550 -Mapped "{[/getSetting]}" onto public java.lang.Object com.example.demo.controller.FileController.getSetting()
2019-01-13 15:42:25.997 INFO [restartedMain]o.s.w.s.m.method.annotation.RequestMappingHandlerMapping.register:550 -Mapped "{[/free/api/freemarker],methods=[GET]}" onto public java.lang.String com.example.demo.controller.FreemarkerController.testFreemarker(org.springframework.ui.ModelMap)
2019-01-13 15:42:25.999 INFO [restartedMain]o.s.w.s.m.method.annotation.RequestMappingHandlerMapping.register:550 -Mapped "{[/add_sijie],methods=[GET]}" onto public java.lang.Object com.example.demo.controller.MybatisController.addSijie(com.example.demo.entity.SijieTest)
2019-01-13 15:42:25.999 INFO [restartedMain]o.s.w.s.m.method.annotation.RequestMappingHandlerMapping.register:550 -Mapped "{[/del_sijie],methods=[GET]}" onto public java.lang.String com.example.demo.controller.MybatisController.delSijie(com.example.demo.entity.SijieTest)
2019-01-13 15:42:25.999 INFO [restartedMain]o.s.w.s.m.method.annotation.RequestMappingHandlerMapping.register:550 -Mapped "{[/all_sijie],methods=[GET]}" onto public java.lang.Object com.example.demo.controller.MybatisController.allSijie()
2019-01-13 15:42:26.000 INFO [restartedMain]o.s.w.s.m.method.annotation.RequestMappingHandlerMapping.register:550 -Mapped "{[/one_sijie],methods=[GET]}" onto public java.lang.Object com.example.demo.controller.MybatisController.oneSijie(com.example.demo.entity.SijieTest)
2019-01-13 15:42:26.000 INFO [restartedMain]o.s.w.s.m.method.annotation.RequestMappingHandlerMapping.register:550 -Mapped "{[/update_sijie],methods=[GET]}" onto public java.lang.Object com.example.demo.controller.MybatisController.updateSijie(com.example.demo.entity.SijieTest)
2019-01-13 15:42:26.002 INFO [restartedMain]o.s.w.s.m.method.annotation.RequestMappingHandlerMapping.register:550 -Mapped "{[/api/redis/getTimeout]}" onto public java.lang.Long com.example.demo.controller.RedisController.getTimeout()
2019-01-13 15:42:26.003 INFO [restartedMain]o.s.w.s.m.method.annotation.RequestMappingHandlerMapping.register:550 -Mapped "{[/api/redis/addRedis]}" onto public java.lang.String com.example.demo.controller.RedisController.addRedis()
2019-01-13 15:42:26.003 INFO [restartedMain]o.s.w.s.m.method.annotation.RequestMappingHandlerMapping.register:550 -Mapped "{[/api/redis/getRedis]}" onto public java.lang.String com.example.demo.controller.RedisController.getRedis()
2019-01-13 15:42:26.003 INFO [restartedMain]o.s.w.s.m.method.annotation.RequestMappingHandlerMapping.register:550 -Mapped "{[/api/redis/getuser]}" onto public com.example.demo.entity.UserBean com.example.demo.controller.RedisController.getuser()
2019-01-13 15:42:26.004 INFO [restartedMain]o.s.w.s.m.method.annotation.RequestMappingHandlerMapping.register:550 -Mapped "{[/api/redis/deletekey]}" onto public java.lang.Boolean com.example.demo.controller.RedisController.deletekey()
2019-01-13 15:42:26.005 INFO [restartedMain]o.s.w.s.m.method.annotation.RequestMappingHandlerMapping.register:550 -Mapped "{[/test],methods=[GET]}" onto public java.lang.String com.example.demo.controller.TestController.TestReturn()
2019-01-13 15:42:26.006 INFO [restartedMain]o.s.w.s.m.method.annotation.RequestMappingHandlerMapping.register:550 -Mapped "{[/passwordEncoder],methods=[GET]}" onto public java.lang.String com.example.demo.controller.TestController.passwordEncoder(java.lang.String)
2019-01-13 15:42:26.006 INFO [restartedMain]o.s.w.s.m.method.annotation.RequestMappingHandlerMapping.register:550 -Mapped "{[/test/{user_id}/{part_id}],methods=[GET]}" onto public java.util.Map com.example.demo.controller.TestController.TestMap(java.lang.String,java.lang.String)
2019-01-13 15:42:26.006 INFO [restartedMain]o.s.w.s.m.method.annotation.RequestMappingHandlerMapping.register:550 -Mapped "{[/get_header/{userid}],methods=[GET]}" onto public java.util.Map com.example.demo.controller.TestController.httpHeader(java.lang.String,java.lang.String)
2019-01-13 15:42:26.006 INFO [restartedMain]o.s.w.s.m.method.annotation.RequestMappingHandlerMapping.register:550 -Mapped "{[/getJackJson],methods=[GET]}" onto public com.example.demo.entity.UserBean com.example.demo.controller.TestController.getJackJson()
2019-01-13 15:42:26.006 INFO [restartedMain]o.s.w.s.m.method.annotation.RequestMappingHandlerMapping.register:550 -Mapped "{[/testFilter/test],methods=[GET]}" onto public java.lang.String com.example.demo.controller.TestController.testFilter()
2019-01-13 15:42:26.007 INFO [restartedMain]o.s.w.s.m.method.annotation.RequestMappingHandlerMapping.register:550 -Mapped "{[/api/test],methods=[GET]}" onto public java.lang.String com.example.demo.controller.TestController.testInterceptor()
2019-01-13 15:42:26.007 INFO [restartedMain]o.s.w.s.m.method.annotation.RequestMappingHandlerMapping.register:550 -Mapped "{[/testMD5],methods=[GET]}" onto public java.lang.String com.example.demo.controller.TestController.testMD5(java.lang.String)
2019-01-13 15:42:26.009 INFO [restartedMain]o.s.w.s.m.method.annotation.RequestMappingHandlerMapping.register:550 -Mapped "{[/testThymeleaf],methods=[GET]}" onto public java.lang.String com.example.demo.controller.ThymeleafController.testThymeleaf(org.springframework.ui.ModelMap)
2019-01-13 15:42:26.010 INFO [restartedMain]o.s.w.s.m.method.annotation.RequestMappingHandlerMapping.register:550 -Mapped "{[/error]}" onto public org.springframework.http.ResponseEntity<java.util.Map<java.lang.String, java.lang.Object>> org.springframework.boot.autoconfigure.web.servlet.error.BasicErrorController.error(javax.servlet.http.HttpServletRequest)
2019-01-13 15:42:26.011 INFO [restartedMain]o.s.w.s.m.method.annotation.RequestMappingHandlerMapping.register:550 -Mapped "{[/error],produces=[text/html]}" onto public org.springframework.web.servlet.ModelAndView org.springframework.boot.autoconfigure.web.servlet.error.BasicErrorController.errorHtml(javax.servlet.http.HttpServletRequest,javax.servlet.http.HttpServletResponse)
2019-01-13 15:42:26.034 INFO [restartedMain]o.s.web.servlet.handler.SimpleUrlHandlerMapping.registerHandler:373 -Mapped URL path [/webjars/**] onto handler of type [class org.springframework.web.servlet.resource.ResourceHttpRequestHandler]
2019-01-13 15:42:26.034 INFO [restartedMain]o.s.web.servlet.handler.SimpleUrlHandlerMapping.registerHandler:373 -Mapped URL path [/**] onto handler of type [class org.springframework.web.servlet.resource.ResourceHttpRequestHandler]
2019-01-13 15:42:26.046 INFO [restartedMain]o.s.w.s.m.m.annotation.ExceptionHandlerExceptionResolver.initExceptionHandlerAdviceCache:288 -Detected @ExceptionHandler methods in testExceptionHandler
2019-01-13 15:42:26.081 WARN [restartedMain]org.thymeleaf.templatemode.TemplateMode.parse:150 -[THYMELEAF][restartedMain] Template Mode 'HTML5' is deprecated. Using Template Mode 'HTML' instead.
2019-01-13 15:42:26.589 INFO [restartedMain]o.s.boot.devtools.autoconfigure.OptionalLiveReloadServer.startServer:57 -LiveReload server is running on port 35729
2019-01-13 15:42:26.614 INFO [restartedMain]o.s.jmx.export.annotation.AnnotationMBeanExporter.afterSingletonsInstantiated:433 -Registering beans for JMX exposure on startup
2019-01-13 15:42:26.615 INFO [restartedMain]o.s.jmx.export.annotation.AnnotationMBeanExporter.autodetect:895 -Bean with name 'dataSource' has been autodetected for JMX exposure
2019-01-13 15:42:26.619 INFO [restartedMain]o.s.jmx.export.annotation.AnnotationMBeanExporter.registerBeanInstance:668 -Located MBean 'dataSource': registering with JMX server as MBean [com.zaxxer.hikari:name=dataSource,type=HikariDataSource]
2019-01-13 15:42:26.629 INFO [restartedMain]org.apache.coyote.http11.Http11NioProtocol.log:180 -Starting ProtocolHandler ["http-nio-8090"]
2019-01-13 15:42:26.638 INFO [restartedMain]org.apache.tomcat.util.net.NioSelectorPool.log:180 -Using a shared selector for servlet write/read
2019-01-13 15:42:26.651 INFO [restartedMain]o.s.boot.web.embedded.tomcat.TomcatWebServer.start:206 -Tomcat started on port(s): 8090 (http) with context path ''
2019-01-13 15:42:26.654 INFO [restartedMain]com.example.demo.DemoApplication.logStarted:59 -Started DemoApplication in 3.995 seconds (JVM running for 4.679)
2019-01-13 15:42:36.570 INFO [http-nio-8090-exec-1]o.a.catalina.core.ContainerBase.[Tomcat].[localhost].[/].log:180 -Initializing Spring FrameworkServlet 'dispatcherServlet'
2019-01-13 15:42:36.570 INFO [http-nio-8090-exec-1]org.springframework.web.servlet.DispatcherServlet.initServletBean:497 -FrameworkServlet 'dispatcherServlet': initialization started
2019-01-13 15:42:36.589 INFO [http-nio-8090-exec-1]org.springframework.web.servlet.DispatcherServlet.initServletBean:512 -FrameworkServlet 'dispatcherServlet': initialization completed in 19 ms
2019-01-13 15:42:36.619 INFO [http-nio-8090-exec-1]com.zaxxer.hikari.HikariDataSource.getConnection:110 -HikariPool-1 - Starting...
2019-01-13 15:42:36.620 WARN [http-nio-8090-exec-1]com.zaxxer.hikari.util.DriverDataSource.<init>:68 -Registered driver with driverClassName=oracle.jdbc.driver.OracleDriver was not found, trying direct instantiation.
2019-01-13 15:42:37.304 INFO [http-nio-8090-exec-1]com.zaxxer.hikari.pool.PoolBase.getAndSetNetworkTimeout:516 -HikariPool-1 - Driver does not support get/set network timeout for connections. (oracle.jdbc.driver.T4CConnection.getNetworkTimeout()I)
2019-01-13 15:42:37.351 INFO [http-nio-8090-exec-1]com.zaxxer.hikari.HikariDataSource.getConnection:123 -HikariPool-1 - Start completed.
2019-01-13 15:42:37.592 WARN [http-nio-8090-exec-1]o.s.w.s.m.m.annotation.ExceptionHandlerExceptionResolver.logException:194 -Resolved exception caused by handler execution: org.mybatis.spring.MyBatisSystemException: nested exception is org.apache.ibatis.type.TypeException: Could not set parameters for mapping: ParameterMapping{property='sname', mode=IN, javaType=class java.lang.String, jdbcType=null, numericScale=null, resultMapId='null', jdbcTypeName='null', expression='null'}. Cause: org.apache.ibatis.type.TypeException: Error setting null for parameter #1 with JdbcType OTHER . Try setting a different JdbcType for this parameter or a different jdbcTypeForNull configuration property. Cause: java.sql.SQLException: 无效的列类型: 1111
2019-01-13 15:42:56.281 INFO [Thread-15]o.s.b.w.s.c.AnnotationConfigServletWebServerApplicationContext.doClose:991 -Closing org.springframework.boot.web.servlet.context.AnnotationConfigServletWebServerApplicationContext@62bb9289: startup date [Sun Jan 13 15:42:23 CST 2019]; root of context hierarchy
2019-01-13 15:42:56.284 INFO [Thread-15]o.s.jmx.export.annotation.AnnotationMBeanExporter.destroy:451 -Unregistering JMX-exposed beans on shutdown
2019-01-13 15:42:56.285 INFO [Thread-15]o.s.jmx.export.annotation.AnnotationMBeanExporter.unregisterBeans:185 -Unregistering JMX-exposed beans
2019-01-13 15:42:56.307 INFO [Thread-15]com.zaxxer.hikari.HikariDataSource.close:381 -HikariPool-1 - Shutdown initiated...
2019-01-13 15:42:56.725 INFO [Thread-15]com.zaxxer.hikari.HikariDataSource.close:383 -HikariPool-1 - Shutdown completed.
2019-01-13 15:42:57.023 INFO [restartedMain]com.example.demo.DemoApplication.logStarting:50 -Starting DemoApplication on KQQAN1SV2VRJCEY with PID 9420 (C:\Users\Administrator\Desktop\Learning\SpringbootLeaning\SpringBootLearning\version1.0\demo\target\classes started by Administrator in C:\Users\Administrator\Desktop\Learning\SpringbootLeaning\SpringBootLearning\version1.0\demo)
2019-01-13 15:42:57.024 INFO [restartedMain]com.example.demo.DemoApplication.logStartupProfileInfo:654 -No active profile set, falling back to default profiles: default
2019-01-13 15:42:57.028 INFO [restartedMain]o.s.b.w.s.c.AnnotationConfigServletWebServerApplicationContext.prepareRefresh:588 -Refreshing org.springframework.boot.web.servlet.context.AnnotationConfigServletWebServerApplicationContext@4d82909c: startup date [Sun Jan 13 15:42:57 CST 2019]; root of context hierarchy
2019-01-13 15:42:57.534 INFO [restartedMain]o.s.d.repository.config.RepositoryConfigurationDelegate.multipleStoresDetected:172 -Multiple Spring Data modules found, entering strict repository configuration mode!
2019-01-13 15:42:57.640 INFO [restartedMain]o.s.c.s.PostProcessorRegistrationDelegate$BeanPostProcessorChecker.postProcessAfterInitialization:326 -Bean 'org.springframework.transaction.annotation.ProxyTransactionManagementConfiguration' of type [org.springframework.transaction.annotation.ProxyTransactionManagementConfiguration$$EnhancerBySpringCGLIB$$d9d508d0] is not eligible for getting processed by all BeanPostProcessors (for example: not eligible for auto-proxying)
2019-01-13 15:42:57.733 INFO [restartedMain]o.s.boot.web.embedded.tomcat.TomcatWebServer.initialize:91 -Tomcat initialized with port(s): 8090 (http)
2019-01-13 15:42:57.733 INFO [restartedMain]org.apache.coyote.http11.Http11NioProtocol.log:180 -Initializing ProtocolHandler ["http-nio-8090"]
2019-01-13 15:42:57.734 INFO [restartedMain]org.apache.catalina.core.StandardService.log:180 -Starting service [Tomcat]
2019-01-13 15:42:57.734 INFO [restartedMain]org.apache.catalina.core.StandardEngine.log:180 -Starting Servlet Engine: Apache Tomcat/8.5.35
2019-01-13 15:42:57.761 INFO [localhost-startStop-1]o.a.catalina.core.ContainerBase.[Tomcat].[localhost].[/].log:180 -Initializing Spring embedded WebApplicationContext
2019-01-13 15:42:57.761 INFO [localhost-startStop-1]org.springframework.web.context.ContextLoader.prepareWebApplicationContext:296 -Root WebApplicationContext: initialization completed in 733 ms
2019-01-13 15:42:57.802 INFO [localhost-startStop-1]o.s.boot.web.servlet.ServletRegistrationBean.addRegistration:187 -Servlet dispatcherServlet mapped to [/]
2019-01-13 15:42:57.802 INFO [localhost-startStop-1]o.s.boot.web.servlet.ServletRegistrationBean.addRegistration:187 -Servlet TestServlet mapped to [/testServlet]
2019-01-13 15:42:57.802 INFO [localhost-startStop-1]o.s.boot.web.servlet.FilterRegistrationBean.configure:245 -Mapping filter: 'characterEncodingFilter' to: [/*]
2019-01-13 15:42:57.803 INFO [localhost-startStop-1]o.s.boot.web.servlet.FilterRegistrationBean.configure:245 -Mapping filter: 'hiddenHttpMethodFilter' to: [/*]
2019-01-13 15:42:57.803 INFO [localhost-startStop-1]o.s.boot.web.servlet.FilterRegistrationBean.configure:245 -Mapping filter: 'httpPutFormContentFilter' to: [/*]
2019-01-13 15:42:57.803 INFO [localhost-startStop-1]o.s.boot.web.servlet.FilterRegistrationBean.configure:245 -Mapping filter: 'requestContextFilter' to: [/*]
2019-01-13 15:42:57.803 INFO [localhost-startStop-1]o.s.boot.web.servlet.FilterRegistrationBean.configure:258 -Mapping filter: 'DemoFilter' to urls: [/testFilter/*]
2019-01-13 15:42:57.892 INFO [restartedMain]o.s.web.servlet.handler.SimpleUrlHandlerMapping.registerHandler:373 -Mapped URL path [/**/favicon.ico] onto handler of type [class org.springframework.web.servlet.resource.ResourceHttpRequestHandler]
2019-01-13 15:42:57.929 INFO [restartedMain]o.s.w.s.m.method.annotation.RequestMappingHandlerAdapter.initControllerAdviceCache:588 -Looking for @ControllerAdvice: org.springframework.boot.web.servlet.context.AnnotationConfigServletWebServerApplicationContext@4d82909c: startup date [Sun Jan 13 15:42:57 CST 2019]; root of context hierarchy
2019-01-13 15:42:57.938 INFO [restartedMain]o.s.w.s.m.method.annotation.RequestMappingHandlerMapping.register:550 -Mapped "{[/testException]}" onto public java.lang.Object com.example.demo.controller.ExceptionController.testException()
2019-01-13 15:42:57.938 INFO [restartedMain]o.s.w.s.m.method.annotation.RequestMappingHandlerMapping.register:550 -Mapped "{[/testError]}" onto public java.lang.Object com.example.demo.controller.ExceptionController.myexc()
2019-01-13 15:42:57.938 INFO [restartedMain]o.s.w.s.m.method.annotation.RequestMappingHandlerMapping.register:550 -Mapped "{[/testCatch]}" onto public java.lang.Object com.example.demo.controller.ExceptionController.myCatch()
2019-01-13 15:42:57.939 INFO [restartedMain]o.s.w.s.m.method.annotation.RequestMappingHandlerMapping.register:550 -Mapped "{[/index],methods=[GET]}" onto public java.lang.String com.example.demo.controller.FileController.index()
2019-01-13 15:42:57.939 INFO [restartedMain]o.s.w.s.m.method.annotation.RequestMappingHandlerMapping.register:550 -Mapped "{[/testes]}" onto public java.lang.String com.example.demo.controller.FileController.testes()
2019-01-13 15:42:57.939 INFO [restartedMain]o.s.w.s.m.method.annotation.RequestMappingHandlerMapping.register:550 -Mapped "{[/upload]}" onto public com.example.demo.entity.JsonData com.example.demo.controller.FileController.upload(org.springframework.web.multipart.MultipartFile,java.lang.String)
2019-01-13 15:42:57.939 INFO [restartedMain]o.s.w.s.m.method.annotation.RequestMappingHandlerMapping.register:550 -Mapped "{[/getSetting]}" onto public java.lang.Object com.example.demo.controller.FileController.getSetting()
2019-01-13 15:42:57.940 INFO [restartedMain]o.s.w.s.m.method.annotation.RequestMappingHandlerMapping.register:550 -Mapped "{[/free/api/freemarker],methods=[GET]}" onto public java.lang.String com.example.demo.controller.FreemarkerController.testFreemarker(org.springframework.ui.ModelMap)
2019-01-13 15:42:57.941 INFO [restartedMain]o.s.w.s.m.method.annotation.RequestMappingHandlerMapping.register:550 -Mapped "{[/add_sijie],methods=[GET]}" onto public java.lang.Object com.example.demo.controller.MybatisController.addSijie(com.example.demo.entity.SijieTest)
2019-01-13 15:42:57.941 INFO [restartedMain]o.s.w.s.m.method.annotation.RequestMappingHandlerMapping.register:550 -Mapped "{[/del_sijie],methods=[GET]}" onto public java.lang.String com.example.demo.controller.MybatisController.delSijie(com.example.demo.entity.SijieTest)
2019-01-13 15:42:57.941 INFO [restartedMain]o.s.w.s.m.method.annotation.RequestMappingHandlerMapping.register:550 -Mapped "{[/all_sijie],methods=[GET]}" onto public java.lang.Object com.example.demo.controller.MybatisController.allSijie()
2019-01-13 15:42:57.941 INFO [restartedMain]o.s.w.s.m.method.annotation.RequestMappingHandlerMapping.register:550 -Mapped "{[/one_sijie],methods=[GET]}" onto public java.lang.Object com.example.demo.controller.MybatisController.oneSijie(com.example.demo.entity.SijieTest)
2019-01-13 15:42:57.941 INFO [restartedMain]o.s.w.s.m.method.annotation.RequestMappingHandlerMapping.register:550 -Mapped "{[/update_sijie],methods=[GET]}" onto public java.lang.Object com.example.demo.controller.MybatisController.updateSijie(com.example.demo.entity.SijieTest)
2019-01-13 15:42:57.942 INFO [restartedMain]o.s.w.s.m.method.annotation.RequestMappingHandlerMapping.register:550 -Mapped "{[/api/redis/getTimeout]}" onto public java.lang.Long com.example.demo.controller.RedisController.getTimeout()
2019-01-13 15:42:57.942 INFO [restartedMain]o.s.w.s.m.method.annotation.RequestMappingHandlerMapping.register:550 -Mapped "{[/api/redis/addRedis]}" onto public java.lang.String com.example.demo.controller.RedisController.addRedis()
2019-01-13 15:42:57.942 INFO [restartedMain]o.s.w.s.m.method.annotation.RequestMappingHandlerMapping.register:550 -Mapped "{[/api/redis/getRedis]}" onto public java.lang.String com.example.demo.controller.RedisController.getRedis()
2019-01-13 15:42:57.943 INFO [restartedMain]o.s.w.s.m.method.annotation.RequestMappingHandlerMapping.register:550 -Mapped "{[/api/redis/getuser]}" onto public com.example.demo.entity.UserBean com.example.demo.controller.RedisController.getuser()
2019-01-13 15:42:57.943 INFO [restartedMain]o.s.w.s.m.method.annotation.RequestMappingHandlerMapping.register:550 -Mapped "{[/api/redis/deletekey]}" onto public java.lang.Boolean com.example.demo.controller.RedisController.deletekey()
2019-01-13 15:42:57.944 INFO [restartedMain]o.s.w.s.m.method.annotation.RequestMappingHandlerMapping.register:550 -Mapped "{[/test],methods=[GET]}" onto public java.lang.String com.example.demo.controller.TestController.TestReturn()
2019-01-13 15:42:57.945 INFO [restartedMain]o.s.w.s.m.method.annotation.RequestMappingHandlerMapping.register:550 -Mapped "{[/passwordEncoder],methods=[GET]}" onto public java.lang.String com.example.demo.controller.TestController.passwordEncoder(java.lang.String)
2019-01-13 15:42:57.945 INFO [restartedMain]o.s.w.s.m.method.annotation.RequestMappingHandlerMapping.register:550 -Mapped "{[/test/{user_id}/{part_id}],methods=[GET]}" onto public java.util.Map com.example.demo.controller.TestController.TestMap(java.lang.String,java.lang.String)
2019-01-13 15:42:57.945 INFO [restartedMain]o.s.w.s.m.method.annotation.RequestMappingHandlerMapping.register:550 -Mapped "{[/get_header/{userid}],methods=[GET]}" onto public java.util.Map com.example.demo.controller.TestController.httpHeader(java.lang.String,java.lang.String)
2019-01-13 15:42:57.945 INFO [restartedMain]o.s.w.s.m.method.annotation.RequestMappingHandlerMapping.register:550 -Mapped "{[/getJackJson],methods=[GET]}" onto public com.example.demo.entity.UserBean com.example.demo.controller.TestController.getJackJson()
2019-01-13 15:42:57.945 INFO [restartedMain]o.s.w.s.m.method.annotation.RequestMappingHandlerMapping.register:550 -Mapped "{[/testFilter/test],methods=[GET]}" onto public java.lang.String com.example.demo.controller.TestController.testFilter()
2019-01-13 15:42:57.945 INFO [restartedMain]o.s.w.s.m.method.annotation.RequestMappingHandlerMapping.register:550 -Mapped "{[/api/test],methods=[GET]}" onto public java.lang.String com.example.demo.controller.TestController.testInterceptor()
2019-01-13 15:42:57.946 INFO [restartedMain]o.s.w.s.m.method.annotation.RequestMappingHandlerMapping.register:550 -Mapped "{[/testMD5],methods=[GET]}" onto public java.lang.String com.example.demo.controller.TestController.testMD5(java.lang.String)
2019-01-13 15:42:57.946 INFO [restartedMain]o.s.w.s.m.method.annotation.RequestMappingHandlerMapping.register:550 -Mapped "{[/testThymeleaf],methods=[GET]}" onto public java.lang.String com.example.demo.controller.ThymeleafController.testThymeleaf(org.springframework.ui.ModelMap)
2019-01-13 15:42:57.947 INFO [restartedMain]o.s.w.s.m.method.annotation.RequestMappingHandlerMapping.register:550 -Mapped "{[/error]}" onto public org.springframework.http.ResponseEntity<java.util.Map<java.lang.String, java.lang.Object>> org.springframework.boot.autoconfigure.web.servlet.error.BasicErrorController.error(javax.servlet.http.HttpServletRequest)
2019-01-13 15:42:57.947 INFO [restartedMain]o.s.w.s.m.method.annotation.RequestMappingHandlerMapping.register:550 -Mapped "{[/error],produces=[text/html]}" onto public org.springframework.web.servlet.ModelAndView org.springframework.boot.autoconfigure.web.servlet.error.BasicErrorController.errorHtml(javax.servlet.http.HttpServletRequest,javax.servlet.http.HttpServletResponse)
2019-01-13 15:42:57.955 INFO [restartedMain]o.s.web.servlet.handler.SimpleUrlHandlerMapping.registerHandler:373 -Mapped URL path [/webjars/**] onto handler of type [class org.springframework.web.servlet.resource.ResourceHttpRequestHandler]
2019-01-13 15:42:57.956 INFO [restartedMain]o.s.web.servlet.handler.SimpleUrlHandlerMapping.registerHandler:373 -Mapped URL path [/**] onto handler of type [class org.springframework.web.servlet.resource.ResourceHttpRequestHandler]
2019-01-13 15:42:57.962 INFO [restartedMain]o.s.w.s.m.m.annotation.ExceptionHandlerExceptionResolver.initExceptionHandlerAdviceCache:288 -Detected @ExceptionHandler methods in testExceptionHandler
2019-01-13 15:42:57.970 WARN [restartedMain]org.thymeleaf.templatemode.TemplateMode.parse:150 -[THYMELEAF][restartedMain] Template Mode 'HTML5' is deprecated. Using Template Mode 'HTML' instead.
2019-01-13 15:42:58.047 INFO [restartedMain]o.s.boot.devtools.autoconfigure.OptionalLiveReloadServer.startServer:57 -LiveReload server is running on port 35729
2019-01-13 15:42:58.062 INFO [restartedMain]o.s.jmx.export.annotation.AnnotationMBeanExporter.afterSingletonsInstantiated:433 -Registering beans for JMX exposure on startup
2019-01-13 15:42:58.063 INFO [restartedMain]o.s.jmx.export.annotation.AnnotationMBeanExporter.autodetect:895 -Bean with name 'dataSource' has been autodetected for JMX exposure
2019-01-13 15:42:58.065 INFO [restartedMain]o.s.jmx.export.annotation.AnnotationMBeanExporter.registerBeanInstance:668 -Located MBean 'dataSource': registering with JMX server as MBean [com.zaxxer.hikari:name=dataSource,type=HikariDataSource]
2019-01-13 15:42:58.070 INFO [restartedMain]org.apache.coyote.http11.Http11NioProtocol.log:180 -Starting ProtocolHandler ["http-nio-8090"]
2019-01-13 15:42:58.073 INFO [restartedMain]org.apache.tomcat.util.net.NioSelectorPool.log:180 -Using a shared selector for servlet write/read
2019-01-13 15:42:58.077 INFO [restartedMain]o.s.boot.web.embedded.tomcat.TomcatWebServer.start:206 -Tomcat started on port(s): 8090 (http) with context path ''
2019-01-13 15:42:58.078 INFO [restartedMain]com.example.demo.DemoApplication.logStarted:59 -Started DemoApplication in 1.113 seconds (JVM running for 36.102)
2019-01-13 15:42:58.080 INFO [restartedMain]o.s.b.d.a.ConditionEvaluationDeltaLoggingListener.onApplicationEvent:56 -Condition evaluation unchanged
2019-01-13 15:43:30.095 INFO [http-nio-8090-exec-2]o.a.catalina.core.ContainerBase.[Tomcat].[localhost].[/].log:180 -Initializing Spring FrameworkServlet 'dispatcherServlet'
2019-01-13 15:43:30.095 INFO [http-nio-8090-exec-2]org.springframework.web.servlet.DispatcherServlet.initServletBean:497 -FrameworkServlet 'dispatcherServlet': initialization started
2019-01-13 15:43:30.098 INFO [http-nio-8090-exec-2]org.springframework.web.servlet.DispatcherServlet.initServletBean:512 -FrameworkServlet 'dispatcherServlet': initialization completed in 3 ms
2019-01-13 15:43:30.099 INFO [http-nio-8090-exec-2]com.zaxxer.hikari.HikariDataSource.getConnection:110 -HikariPool-2 - Starting...
2019-01-13 15:43:30.100 WARN [http-nio-8090-exec-2]com.zaxxer.hikari.util.DriverDataSource.<init>:68 -Registered driver with driverClassName=oracle.jdbc.driver.OracleDriver was not found, trying direct instantiation.
2019-01-13 15:43:30.428 INFO [http-nio-8090-exec-2]com.zaxxer.hikari.pool.PoolBase.getAndSetNetworkTimeout:516 -HikariPool-2 - Driver does not support get/set network timeout for connections. (oracle.jdbc.driver.T4CConnection.getNetworkTimeout()I)
2019-01-13 15:43:30.463 INFO [http-nio-8090-exec-2]com.zaxxer.hikari.HikariDataSource.getConnection:123 -HikariPool-2 - Start completed.
2019-01-13 15:43:30.539 WARN [http-nio-8090-exec-2]o.s.w.s.m.m.annotation.ExceptionHandlerExceptionResolver.logException:194 -Resolved exception caused by handler execution: org.mybatis.spring.MyBatisSystemException: nested exception is org.apache.ibatis.type.TypeException: Could not set parameters for mapping: ParameterMapping{property='sname', mode=IN, javaType=class java.lang.String, jdbcType=null, numericScale=null, resultMapId='null', jdbcTypeName='null', expression='null'}. Cause: org.apache.ibatis.type.TypeException: Error setting null for parameter #1 with JdbcType OTHER . Try setting a different JdbcType for this parameter or a different jdbcTypeForNull configuration property. Cause: java.sql.SQLException: 无效的列类型: 1111
2019-01-13 15:47:08.089 INFO [restartedMain]com.example.demo.DemoApplication.logStarting:50 -Starting DemoApplication on KQQAN1SV2VRJCEY with PID 1876 (C:\Users\Administrator\Desktop\Learning\SpringbootLeaning\SpringBootLearning\version1.0\demo\target\classes started by Administrator in C:\Users\Administrator\Desktop\Learning\SpringbootLeaning\SpringBootLearning\version1.0\demo)
2019-01-13 15:47:08.091 INFO [restartedMain]com.example.demo.DemoApplication.logStartupProfileInfo:654 -No active profile set, falling back to default profiles: default
2019-01-13 15:47:08.170 INFO [restartedMain]o.s.b.w.s.c.AnnotationConfigServletWebServerApplicationContext.prepareRefresh:588 -Refreshing org.springframework.boot.web.servlet.context.AnnotationConfigServletWebServerApplicationContext@635f19d: startup date [Sun Jan 13 15:47:08 CST 2019]; root of context hierarchy
2019-01-13 15:47:09.069 INFO [restartedMain]o.s.d.repository.config.RepositoryConfigurationDelegate.multipleStoresDetected:172 -Multiple Spring Data modules found, entering strict repository configuration mode!
2019-01-13 15:47:09.489 INFO [restartedMain]o.s.c.s.PostProcessorRegistrationDelegate$BeanPostProcessorChecker.postProcessAfterInitialization:326 -Bean 'org.springframework.transaction.annotation.ProxyTransactionManagementConfiguration' of type [org.springframework.transaction.annotation.ProxyTransactionManagementConfiguration$$EnhancerBySpringCGLIB$$770a7161] is not eligible for getting processed by all BeanPostProcessors (for example: not eligible for auto-proxying)
2019-01-13 15:47:09.961 INFO [restartedMain]o.s.boot.web.embedded.tomcat.TomcatWebServer.initialize:91 -Tomcat initialized with port(s): 8090 (http)
2019-01-13 15:47:09.974 INFO [restartedMain]org.apache.coyote.http11.Http11NioProtocol.log:180 -Initializing ProtocolHandler ["http-nio-8090"]
2019-01-13 15:47:09.990 INFO [restartedMain]org.apache.catalina.core.StandardService.log:180 -Starting service [Tomcat]
2019-01-13 15:47:09.990 INFO [restartedMain]org.apache.catalina.core.StandardEngine.log:180 -Starting Servlet Engine: Apache Tomcat/8.5.35
2019-01-13 15:47:09.994 INFO [localhost-startStop-1]org.apache.catalina.core.AprLifecycleListener.log:180 -The APR based Apache Tomcat Native library which allows optimal performance in production environments was not found on the java.library.path: [D:\InstallToUse\eclipse\JDK\bin;C:\Windows\Sun\Java\bin;C:\Windows\system32;C:\Windows;C:\Program Files (x86)\Common Files\Oracle\Java\javapath;E:\app\Administrator\product\11.2.0\dbhome_1\bin;C:\ProgramData\Oracle\Java\javapath;D:\mysql\bin;D:\InstallToUse\eclipse\JDK\bin;D:\InstallToUse\eclipse\JDK\jre\bin;D:\InstallToUse\Git\Git\cmd;D:\InstallToUse\nodejs\;D:\InstallToUse\Maven\apache-maven-3.5.4\bin;C:\Users\Administrator\AppData\Roaming\npm;D:\InstallToUse\SSH;D:\InstallToUse\VSCode\Microsoft VS Code\bin;.]
2019-01-13 15:47:10.113 INFO [localhost-startStop-1]o.a.catalina.core.ContainerBase.[Tomcat].[localhost].[/].log:180 -Initializing Spring embedded WebApplicationContext
2019-01-13 15:47:10.114 INFO [localhost-startStop-1]org.springframework.web.context.ContextLoader.prepareWebApplicationContext:296 -Root WebApplicationContext: initialization completed in 1944 ms
2019-01-13 15:47:10.242 INFO [localhost-startStop-1]o.s.boot.web.servlet.ServletRegistrationBean.addRegistration:187 -Servlet dispatcherServlet mapped to [/]
2019-01-13 15:47:10.243 INFO [localhost-startStop-1]o.s.boot.web.servlet.ServletRegistrationBean.addRegistration:187 -Servlet TestServlet mapped to [/testServlet]
2019-01-13 15:47:10.246 INFO [localhost-startStop-1]o.s.boot.web.servlet.FilterRegistrationBean.configure:245 -Mapping filter: 'characterEncodingFilter' to: [/*]
2019-01-13 15:47:10.247 INFO [localhost-startStop-1]o.s.boot.web.servlet.FilterRegistrationBean.configure:245 -Mapping filter: 'hiddenHttpMethodFilter' to: [/*]
2019-01-13 15:47:10.247 INFO [localhost-startStop-1]o.s.boot.web.servlet.FilterRegistrationBean.configure:245 -Mapping filter: 'httpPutFormContentFilter' to: [/*]
2019-01-13 15:47:10.247 INFO [localhost-startStop-1]o.s.boot.web.servlet.FilterRegistrationBean.configure:245 -Mapping filter: 'requestContextFilter' to: [/*]
2019-01-13 15:47:10.247 INFO [localhost-startStop-1]o.s.boot.web.servlet.FilterRegistrationBean.configure:258 -Mapping filter: 'DemoFilter' to urls: [/testFilter/*]
2019-01-13 15:47:10.953 INFO [restartedMain]o.s.web.servlet.handler.SimpleUrlHandlerMapping.registerHandler:373 -Mapped URL path [/**/favicon.ico] onto handler of type [class org.springframework.web.servlet.resource.ResourceHttpRequestHandler]
2019-01-13 15:47:11.136 INFO [restartedMain]o.s.w.s.m.method.annotation.RequestMappingHandlerAdapter.initControllerAdviceCache:588 -Looking for @ControllerAdvice: org.springframework.boot.web.servlet.context.AnnotationConfigServletWebServerApplicationContext@635f19d: startup date [Sun Jan 13 15:47:08 CST 2019]; root of context hierarchy
2019-01-13 15:47:11.181 INFO [restartedMain]o.s.w.s.m.method.annotation.RequestMappingHandlerMapping.register:550 -Mapped "{[/testException]}" onto public java.lang.Object com.example.demo.controller.ExceptionController.testException()
2019-01-13 15:47:11.182 INFO [restartedMain]o.s.w.s.m.method.annotation.RequestMappingHandlerMapping.register:550 -Mapped "{[/testError]}" onto public java.lang.Object com.example.demo.controller.ExceptionController.myexc()
2019-01-13 15:47:11.182 INFO [restartedMain]o.s.w.s.m.method.annotation.RequestMappingHandlerMapping.register:550 -Mapped "{[/testCatch]}" onto public java.lang.Object com.example.demo.controller.ExceptionController.myCatch()
2019-01-13 15:47:11.183 INFO [restartedMain]o.s.w.s.m.method.annotation.RequestMappingHandlerMapping.register:550 -Mapped "{[/index],methods=[GET]}" onto public java.lang.String com.example.demo.controller.FileController.index()
2019-01-13 15:47:11.184 INFO [restartedMain]o.s.w.s.m.method.annotation.RequestMappingHandlerMapping.register:550 -Mapped "{[/testes]}" onto public java.lang.String com.example.demo.controller.FileController.testes()
2019-01-13 15:47:11.185 INFO [restartedMain]o.s.w.s.m.method.annotation.RequestMappingHandlerMapping.register:550 -Mapped "{[/upload]}" onto public com.example.demo.entity.JsonData com.example.demo.controller.FileController.upload(org.springframework.web.multipart.MultipartFile,java.lang.String)
2019-01-13 15:47:11.185 INFO [restartedMain]o.s.w.s.m.method.annotation.RequestMappingHandlerMapping.register:550 -Mapped "{[/getSetting]}" onto public java.lang.Object com.example.demo.controller.FileController.getSetting()
2019-01-13 15:47:11.186 INFO [restartedMain]o.s.w.s.m.method.annotation.RequestMappingHandlerMapping.register:550 -Mapped "{[/free/api/freemarker],methods=[GET]}" onto public java.lang.String com.example.demo.controller.FreemarkerController.testFreemarker(org.springframework.ui.ModelMap)
2019-01-13 15:47:11.187 INFO [restartedMain]o.s.w.s.m.method.annotation.RequestMappingHandlerMapping.register:550 -Mapped "{[/add_sijie],methods=[GET]}" onto public java.lang.Object com.example.demo.controller.MybatisController.addSijie(com.example.demo.entity.SijieTest)
2019-01-13 15:47:11.187 INFO [restartedMain]o.s.w.s.m.method.annotation.RequestMappingHandlerMapping.register:550 -Mapped "{[/del_sijie],methods=[GET]}" onto public java.lang.String com.example.demo.controller.MybatisController.delSijie(com.example.demo.entity.SijieTest)
2019-01-13 15:47:11.188 INFO [restartedMain]o.s.w.s.m.method.annotation.RequestMappingHandlerMapping.register:550 -Mapped "{[/all_sijie],methods=[GET]}" onto public java.lang.Object com.example.demo.controller.MybatisController.allSijie()
2019-01-13 15:47:11.188 INFO [restartedMain]o.s.w.s.m.method.annotation.RequestMappingHandlerMapping.register:550 -Mapped "{[/one_sijie],methods=[GET]}" onto public java.lang.Object com.example.demo.controller.MybatisController.oneSijie(com.example.demo.entity.SijieTest)
2019-01-13 15:47:11.188 INFO [restartedMain]o.s.w.s.m.method.annotation.RequestMappingHandlerMapping.register:550 -Mapped "{[/update_sijie],methods=[GET]}" onto public java.lang.Object com.example.demo.controller.MybatisController.updateSijie(com.example.demo.entity.SijieTest)
2019-01-13 15:47:11.190 INFO [restartedMain]o.s.w.s.m.method.annotation.RequestMappingHandlerMapping.register:550 -Mapped "{[/api/redis/getTimeout]}" onto public java.lang.Long com.example.demo.controller.RedisController.getTimeout()
2019-01-13 15:47:11.190 INFO [restartedMain]o.s.w.s.m.method.annotation.RequestMappingHandlerMapping.register:550 -Mapped "{[/api/redis/addRedis]}" onto public java.lang.String com.example.demo.controller.RedisController.addRedis()
2019-01-13 15:47:11.191 INFO [restartedMain]o.s.w.s.m.method.annotation.RequestMappingHandlerMapping.register:550 -Mapped "{[/api/redis/getRedis]}" onto public java.lang.String com.example.demo.controller.RedisController.getRedis()
2019-01-13 15:47:11.191 INFO [restartedMain]o.s.w.s.m.method.annotation.RequestMappingHandlerMapping.register:550 -Mapped "{[/api/redis/getuser]}" onto public com.example.demo.entity.UserBean com.example.demo.controller.RedisController.getuser()
2019-01-13 15:47:11.191 INFO [restartedMain]o.s.w.s.m.method.annotation.RequestMappingHandlerMapping.register:550 -Mapped "{[/api/redis/deletekey]}" onto public java.lang.Boolean com.example.demo.controller.RedisController.deletekey()
2019-01-13 15:47:11.193 INFO [restartedMain]o.s.w.s.m.method.annotation.RequestMappingHandlerMapping.register:550 -Mapped "{[/test],methods=[GET]}" onto public java.lang.String com.example.demo.controller.TestController.TestReturn()
2019-01-13 15:47:11.193 INFO [restartedMain]o.s.w.s.m.method.annotation.RequestMappingHandlerMapping.register:550 -Mapped "{[/passwordEncoder],methods=[GET]}" onto public java.lang.String com.example.demo.controller.TestController.passwordEncoder(java.lang.String)
2019-01-13 15:47:11.193 INFO [restartedMain]o.s.w.s.m.method.annotation.RequestMappingHandlerMapping.register:550 -Mapped "{[/test/{user_id}/{part_id}],methods=[GET]}" onto public java.util.Map com.example.demo.controller.TestController.TestMap(java.lang.String,java.lang.String)
2019-01-13 15:47:11.193 INFO [restartedMain]o.s.w.s.m.method.annotation.RequestMappingHandlerMapping.register:550 -Mapped "{[/get_header/{userid}],methods=[GET]}" onto public java.util.Map com.example.demo.controller.TestController.httpHeader(java.lang.String,java.lang.String)
2019-01-13 15:47:11.194 INFO [restartedMain]o.s.w.s.m.method.annotation.RequestMappingHandlerMapping.register:550 -Mapped "{[/getJackJson],methods=[GET]}" onto public com.example.demo.entity.UserBean com.example.demo.controller.TestController.getJackJson()
2019-01-13 15:47:11.194 INFO [restartedMain]o.s.w.s.m.method.annotation.RequestMappingHandlerMapping.register:550 -Mapped "{[/testFilter/test],methods=[GET]}" onto public java.lang.String com.example.demo.controller.TestController.testFilter()
2019-01-13 15:47:11.194 INFO [restartedMain]o.s.w.s.m.method.annotation.RequestMappingHandlerMapping.register:550 -Mapped "{[/api/test],methods=[GET]}" onto public java.lang.String com.example.demo.controller.TestController.testInterceptor()
2019-01-13 15:47:11.194 INFO [restartedMain]o.s.w.s.m.method.annotation.RequestMappingHandlerMapping.register:550 -Mapped "{[/testMD5],methods=[GET]}" onto public java.lang.String com.example.demo.controller.TestController.testMD5(java.lang.String)
2019-01-13 15:47:11.196 INFO [restartedMain]o.s.w.s.m.method.annotation.RequestMappingHandlerMapping.register:550 -Mapped "{[/testThymeleaf],methods=[GET]}" onto public java.lang.String com.example.demo.controller.ThymeleafController.testThymeleaf(org.springframework.ui.ModelMap)
2019-01-13 15:47:11.198 INFO [restartedMain]o.s.w.s.m.method.annotation.RequestMappingHandlerMapping.register:550 -Mapped "{[/error]}" onto public org.springframework.http.ResponseEntity<java.util.Map<java.lang.String, java.lang.Object>> org.springframework.boot.autoconfigure.web.servlet.error.BasicErrorController.error(javax.servlet.http.HttpServletRequest)
2019-01-13 15:47:11.198 INFO [restartedMain]o.s.w.s.m.method.annotation.RequestMappingHandlerMapping.register:550 -Mapped "{[/error],produces=[text/html]}" onto public org.springframework.web.servlet.ModelAndView org.springframework.boot.autoconfigure.web.servlet.error.BasicErrorController.errorHtml(javax.servlet.http.HttpServletRequest,javax.servlet.http.HttpServletResponse)
2019-01-13 15:47:11.221 INFO [restartedMain]o.s.web.servlet.handler.SimpleUrlHandlerMapping.registerHandler:373 -Mapped URL path [/webjars/**] onto handler of type [class org.springframework.web.servlet.resource.ResourceHttpRequestHandler]
2019-01-13 15:47:11.222 INFO [restartedMain]o.s.web.servlet.handler.SimpleUrlHandlerMapping.registerHandler:373 -Mapped URL path [/**] onto handler of type [class org.springframework.web.servlet.resource.ResourceHttpRequestHandler]
2019-01-13 15:47:11.234 INFO [restartedMain]o.s.w.s.m.m.annotation.ExceptionHandlerExceptionResolver.initExceptionHandlerAdviceCache:288 -Detected @ExceptionHandler methods in testExceptionHandler
2019-01-13 15:47:11.269 WARN [restartedMain]org.thymeleaf.templatemode.TemplateMode.parse:150 -[THYMELEAF][restartedMain] Template Mode 'HTML5' is deprecated. Using Template Mode 'HTML' instead.
2019-01-13 15:47:11.639 INFO [restartedMain]o.s.boot.devtools.autoconfigure.OptionalLiveReloadServer.startServer:57 -LiveReload server is running on port 35729
2019-01-13 15:47:11.664 INFO [restartedMain]o.s.jmx.export.annotation.AnnotationMBeanExporter.afterSingletonsInstantiated:433 -Registering beans for JMX exposure on startup
2019-01-13 15:47:11.665 INFO [restartedMain]o.s.jmx.export.annotation.AnnotationMBeanExporter.autodetect:895 -Bean with name 'dataSource' has been autodetected for JMX exposure
2019-01-13 15:47:11.669 INFO [restartedMain]o.s.jmx.export.annotation.AnnotationMBeanExporter.registerBeanInstance:668 -Located MBean 'dataSource': registering with JMX server as MBean [com.zaxxer.hikari:name=dataSource,type=HikariDataSource]
2019-01-13 15:47:11.679 INFO [restartedMain]org.apache.coyote.http11.Http11NioProtocol.log:180 -Starting ProtocolHandler ["http-nio-8090"]
2019-01-13 15:47:11.689 INFO [restartedMain]org.apache.tomcat.util.net.NioSelectorPool.log:180 -Using a shared selector for servlet write/read
2019-01-13 15:47:11.703 INFO [restartedMain]o.s.boot.web.embedded.tomcat.TomcatWebServer.start:206 -Tomcat started on port(s): 8090 (http) with context path ''
2019-01-13 15:47:11.706 INFO [restartedMain]com.example.demo.DemoApplication.logStarted:59 -Started DemoApplication in 4.01 seconds (JVM running for 4.659)
2019-01-13 15:47:18.312 INFO [http-nio-8090-exec-1]o.a.catalina.core.ContainerBase.[Tomcat].[localhost].[/].log:180 -Initializing Spring FrameworkServlet 'dispatcherServlet'
2019-01-13 15:47:18.313 INFO [http-nio-8090-exec-1]org.springframework.web.servlet.DispatcherServlet.initServletBean:497 -FrameworkServlet 'dispatcherServlet': initialization started
2019-01-13 15:47:18.331 INFO [http-nio-8090-exec-1]org.springframework.web.servlet.DispatcherServlet.initServletBean:512 -FrameworkServlet 'dispatcherServlet': initialization completed in 18 ms
2019-01-13 15:47:18.350 INFO [http-nio-8090-exec-1]com.zaxxer.hikari.HikariDataSource.getConnection:110 -HikariPool-1 - Starting...
2019-01-13 15:47:18.351 WARN [http-nio-8090-exec-1]com.zaxxer.hikari.util.DriverDataSource.<init>:68 -Registered driver with driverClassName=oracle.jdbc.driver.OracleDriver was not found, trying direct instantiation.
2019-01-13 15:47:18.980 INFO [http-nio-8090-exec-1]com.zaxxer.hikari.pool.PoolBase.getAndSetNetworkTimeout:516 -HikariPool-1 - Driver does not support get/set network timeout for connections. (oracle.jdbc.driver.T4CConnection.getNetworkTimeout()I)
2019-01-13 15:47:19.023 INFO [http-nio-8090-exec-1]com.zaxxer.hikari.HikariDataSource.getConnection:123 -HikariPool-1 - Start completed.
2019-01-13 15:47:19.216 WARN [http-nio-8090-exec-1]o.s.w.s.m.m.annotation.ExceptionHandlerExceptionResolver.logException:194 -Resolved exception caused by handler execution: org.mybatis.spring.MyBatisSystemException: nested exception is org.apache.ibatis.type.TypeException: Could not set parameters for mapping: ParameterMapping{property='sname', mode=IN, javaType=class java.lang.String, jdbcType=null, numericScale=null, resultMapId='null', jdbcTypeName='null', expression='null'}. Cause: org.apache.ibatis.type.TypeException: Error setting null for parameter #1 with JdbcType OTHER . Try setting a different JdbcType for this parameter or a different jdbcTypeForNull configuration property. Cause: java.sql.SQLException: 无效的列类型: 1111
2019-01-13 15:47:36.263 INFO [restartedMain]com.example.demo.DemoApplication.logStarting:50 -Starting DemoApplication on KQQAN1SV2VRJCEY with PID 5544 (C:\Users\Administrator\Desktop\Learning\SpringbootLeaning\SpringBootLearning\version1.0\demo\target\classes started by Administrator in C:\Users\Administrator\Desktop\Learning\SpringbootLeaning\SpringBootLearning\version1.0\demo)
2019-01-13 15:47:36.265 INFO [restartedMain]com.example.demo.DemoApplication.logStartupProfileInfo:654 -No active profile set, falling back to default profiles: default
2019-01-13 15:47:36.365 INFO [restartedMain]o.s.b.w.s.c.AnnotationConfigServletWebServerApplicationContext.prepareRefresh:588 -Refreshing org.springframework.boot.web.servlet.context.AnnotationConfigServletWebServerApplicationContext@743d5568: startup date [Sun Jan 13 15:47:36 CST 2019]; root of context hierarchy
2019-01-13 15:47:37.185 INFO [restartedMain]o.s.d.repository.config.RepositoryConfigurationDelegate.multipleStoresDetected:172 -Multiple Spring Data modules found, entering strict repository configuration mode!
2019-01-13 15:47:37.570 INFO [restartedMain]o.s.c.s.PostProcessorRegistrationDelegate$BeanPostProcessorChecker.postProcessAfterInitialization:326 -Bean 'org.springframework.transaction.annotation.ProxyTransactionManagementConfiguration' of type [org.springframework.transaction.annotation.ProxyTransactionManagementConfiguration$$EnhancerBySpringCGLIB$$fc69db13] is not eligible for getting processed by all BeanPostProcessors (for example: not eligible for auto-proxying)
2019-01-13 15:47:37.945 INFO [restartedMain]o.s.boot.web.embedded.tomcat.TomcatWebServer.initialize:91 -Tomcat initialized with port(s): 8090 (http)
2019-01-13 15:47:37.955 INFO [restartedMain]org.apache.coyote.http11.Http11NioProtocol.log:180 -Initializing ProtocolHandler ["http-nio-8090"]
2019-01-13 15:47:37.965 INFO [restartedMain]org.apache.catalina.core.StandardService.log:180 -Starting service [Tomcat]
2019-01-13 15:47:37.966 INFO [restartedMain]org.apache.catalina.core.StandardEngine.log:180 -Starting Servlet Engine: Apache Tomcat/8.5.35
2019-01-13 15:47:37.969 INFO [localhost-startStop-1]org.apache.catalina.core.AprLifecycleListener.log:180 -The APR based Apache Tomcat Native library which allows optimal performance in production environments was not found on the java.library.path: [D:\InstallToUse\eclipse\JDK\bin;C:\Windows\Sun\Java\bin;C:\Windows\system32;C:\Windows;C:\Program Files (x86)\Common Files\Oracle\Java\javapath;E:\app\Administrator\product\11.2.0\dbhome_1\bin;C:\ProgramData\Oracle\Java\javapath;D:\mysql\bin;D:\InstallToUse\eclipse\JDK\bin;D:\InstallToUse\eclipse\JDK\jre\bin;D:\InstallToUse\Git\Git\cmd;D:\InstallToUse\nodejs\;D:\InstallToUse\Maven\apache-maven-3.5.4\bin;C:\Users\Administrator\AppData\Roaming\npm;D:\InstallToUse\SSH;D:\InstallToUse\VSCode\Microsoft VS Code\bin;.]
2019-01-13 15:47:38.050 INFO [localhost-startStop-1]o.a.catalina.core.ContainerBase.[Tomcat].[localhost].[/].log:180 -Initializing Spring embedded WebApplicationContext
2019-01-13 15:47:38.051 INFO [localhost-startStop-1]org.springframework.web.context.ContextLoader.prepareWebApplicationContext:296 -Root WebApplicationContext: initialization completed in 1686 ms
2019-01-13 15:47:38.157 INFO [localhost-startStop-1]o.s.boot.web.servlet.ServletRegistrationBean.addRegistration:187 -Servlet dispatcherServlet mapped to [/]
2019-01-13 15:47:38.158 INFO [localhost-startStop-1]o.s.boot.web.servlet.ServletRegistrationBean.addRegistration:187 -Servlet TestServlet mapped to [/testServlet]
2019-01-13 15:47:38.162 INFO [localhost-startStop-1]o.s.boot.web.servlet.FilterRegistrationBean.configure:245 -Mapping filter: 'characterEncodingFilter' to: [/*]
2019-01-13 15:47:38.162 INFO [localhost-startStop-1]o.s.boot.web.servlet.FilterRegistrationBean.configure:245 -Mapping filter: 'hiddenHttpMethodFilter' to: [/*]
2019-01-13 15:47:38.162 INFO [localhost-startStop-1]o.s.boot.web.servlet.FilterRegistrationBean.configure:245 -Mapping filter: 'httpPutFormContentFilter' to: [/*]
2019-01-13 15:47:38.163 INFO [localhost-startStop-1]o.s.boot.web.servlet.FilterRegistrationBean.configure:245 -Mapping filter: 'requestContextFilter' to: [/*]
2019-01-13 15:47:38.163 INFO [localhost-startStop-1]o.s.boot.web.servlet.FilterRegistrationBean.configure:258 -Mapping filter: 'DemoFilter' to urls: [/testFilter/*]
2019-01-13 15:47:38.688 INFO [restartedMain]o.s.web.servlet.handler.SimpleUrlHandlerMapping.registerHandler:373 -Mapped URL path [/**/favicon.ico] onto handler of type [class org.springframework.web.servlet.resource.ResourceHttpRequestHandler]
2019-01-13 15:47:38.875 INFO [restartedMain]o.s.w.s.m.method.annotation.RequestMappingHandlerAdapter.initControllerAdviceCache:588 -Looking for @ControllerAdvice: org.springframework.boot.web.servlet.context.AnnotationConfigServletWebServerApplicationContext@743d5568: startup date [Sun Jan 13 15:47:36 CST 2019]; root of context hierarchy
2019-01-13 15:47:38.925 INFO [restartedMain]o.s.w.s.m.method.annotation.RequestMappingHandlerMapping.register:550 -Mapped "{[/testException]}" onto public java.lang.Object com.example.demo.controller.ExceptionController.testException()
2019-01-13 15:47:38.926 INFO [restartedMain]o.s.w.s.m.method.annotation.RequestMappingHandlerMapping.register:550 -Mapped "{[/testError]}" onto public java.lang.Object com.example.demo.controller.ExceptionController.myexc()
2019-01-13 15:47:38.926 INFO [restartedMain]o.s.w.s.m.method.annotation.RequestMappingHandlerMapping.register:550 -Mapped "{[/testCatch]}" onto public java.lang.Object com.example.demo.controller.ExceptionController.myCatch()
2019-01-13 15:47:38.927 INFO [restartedMain]o.s.w.s.m.method.annotation.RequestMappingHandlerMapping.register:550 -Mapped "{[/index],methods=[GET]}" onto public java.lang.String com.example.demo.controller.FileController.index()
2019-01-13 15:47:38.928 INFO [restartedMain]o.s.w.s.m.method.annotation.RequestMappingHandlerMapping.register:550 -Mapped "{[/testes]}" onto public java.lang.String com.example.demo.controller.FileController.testes()
2019-01-13 15:47:38.929 INFO [restartedMain]o.s.w.s.m.method.annotation.RequestMappingHandlerMapping.register:550 -Mapped "{[/upload]}" onto public com.example.demo.entity.JsonData com.example.demo.controller.FileController.upload(org.springframework.web.multipart.MultipartFile,java.lang.String)
2019-01-13 15:47:38.930 INFO [restartedMain]o.s.w.s.m.method.annotation.RequestMappingHandlerMapping.register:550 -Mapped "{[/getSetting]}" onto public java.lang.Object com.example.demo.controller.FileController.getSetting()
2019-01-13 15:47:38.930 INFO [restartedMain]o.s.w.s.m.method.annotation.RequestMappingHandlerMapping.register:550 -Mapped "{[/free/api/freemarker],methods=[GET]}" onto public java.lang.String com.example.demo.controller.FreemarkerController.testFreemarker(org.springframework.ui.ModelMap)
2019-01-13 15:47:38.931 INFO [restartedMain]o.s.w.s.m.method.annotation.RequestMappingHandlerMapping.register:550 -Mapped "{[/add_sijie],methods=[GET]}" onto public java.lang.Object com.example.demo.controller.MybatisController.addSijie(com.example.demo.entity.SijieTest)
2019-01-13 15:47:38.932 INFO [restartedMain]o.s.w.s.m.method.annotation.RequestMappingHandlerMapping.register:550 -Mapped "{[/del_sijie],methods=[GET]}" onto public java.lang.String com.example.demo.controller.MybatisController.delSijie(com.example.demo.entity.SijieTest)
2019-01-13 15:47:38.932 INFO [restartedMain]o.s.w.s.m.method.annotation.RequestMappingHandlerMapping.register:550 -Mapped "{[/all_sijie],methods=[GET]}" onto public java.lang.Object com.example.demo.controller.MybatisController.allSijie()
2019-01-13 15:47:38.932 INFO [restartedMain]o.s.w.s.m.method.annotation.RequestMappingHandlerMapping.register:550 -Mapped "{[/one_sijie],methods=[GET]}" onto public java.lang.Object com.example.demo.controller.MybatisController.oneSijie(com.example.demo.entity.SijieTest)
2019-01-13 15:47:38.932 INFO [restartedMain]o.s.w.s.m.method.annotation.RequestMappingHandlerMapping.register:550 -Mapped "{[/update_sijie],methods=[GET]}" onto public java.lang.Object com.example.demo.controller.MybatisController.updateSijie(com.example.demo.entity.SijieTest)
2019-01-13 15:47:38.935 INFO [restartedMain]o.s.w.s.m.method.annotation.RequestMappingHandlerMapping.register:550 -Mapped "{[/api/redis/getTimeout]}" onto public java.lang.Long com.example.demo.controller.RedisController.getTimeout()
2019-01-13 15:47:38.935 INFO [restartedMain]o.s.w.s.m.method.annotation.RequestMappingHandlerMapping.register:550 -Mapped "{[/api/redis/addRedis]}" onto public java.lang.String com.example.demo.controller.RedisController.addRedis()
2019-01-13 15:47:38.935 INFO [restartedMain]o.s.w.s.m.method.annotation.RequestMappingHandlerMapping.register:550 -Mapped "{[/api/redis/getRedis]}" onto public java.lang.String com.example.demo.controller.RedisController.getRedis()
2019-01-13 15:47:38.936 INFO [restartedMain]o.s.w.s.m.method.annotation.RequestMappingHandlerMapping.register:550 -Mapped "{[/api/redis/getuser]}" onto public com.example.demo.entity.UserBean com.example.demo.controller.RedisController.getuser()
2019-01-13 15:47:38.936 INFO [restartedMain]o.s.w.s.m.method.annotation.RequestMappingHandlerMapping.register:550 -Mapped "{[/api/redis/deletekey]}" onto public java.lang.Boolean com.example.demo.controller.RedisController.deletekey()
2019-01-13 15:47:38.937 INFO [restartedMain]o.s.w.s.m.method.annotation.RequestMappingHandlerMapping.register:550 -Mapped "{[/test],methods=[GET]}" onto public java.lang.String com.example.demo.controller.TestController.TestReturn()
2019-01-13 15:47:38.937 INFO [restartedMain]o.s.w.s.m.method.annotation.RequestMappingHandlerMapping.register:550 -Mapped "{[/passwordEncoder],methods=[GET]}" onto public java.lang.String com.example.demo.controller.TestController.passwordEncoder(java.lang.String)
2019-01-13 15:47:38.938 INFO [restartedMain]o.s.w.s.m.method.annotation.RequestMappingHandlerMapping.register:550 -Mapped "{[/test/{user_id}/{part_id}],methods=[GET]}" onto public java.util.Map com.example.demo.controller.TestController.TestMap(java.lang.String,java.lang.String)
2019-01-13 15:47:38.938 INFO [restartedMain]o.s.w.s.m.method.annotation.RequestMappingHandlerMapping.register:550 -Mapped "{[/get_header/{userid}],methods=[GET]}" onto public java.util.Map com.example.demo.controller.TestController.httpHeader(java.lang.String,java.lang.String)
2019-01-13 15:47:38.938 INFO [restartedMain]o.s.w.s.m.method.annotation.RequestMappingHandlerMapping.register:550 -Mapped "{[/getJackJson],methods=[GET]}" onto public com.example.demo.entity.UserBean com.example.demo.controller.TestController.getJackJson()
2019-01-13 15:47:38.938 INFO [restartedMain]o.s.w.s.m.method.annotation.RequestMappingHandlerMapping.register:550 -Mapped "{[/testFilter/test],methods=[GET]}" onto public java.lang.String com.example.demo.controller.TestController.testFilter()
2019-01-13 15:47:38.939 INFO [restartedMain]o.s.w.s.m.method.annotation.RequestMappingHandlerMapping.register:550 -Mapped "{[/api/test],methods=[GET]}" onto public java.lang.String com.example.demo.controller.TestController.testInterceptor()
2019-01-13 15:47:38.940 INFO [restartedMain]o.s.w.s.m.method.annotation.RequestMappingHandlerMapping.register:550 -Mapped "{[/testMD5],methods=[GET]}" onto public java.lang.String com.example.demo.controller.TestController.testMD5(java.lang.String)
2019-01-13 15:47:38.942 INFO [restartedMain]o.s.w.s.m.method.annotation.RequestMappingHandlerMapping.register:550 -Mapped "{[/testThymeleaf],methods=[GET]}" onto public java.lang.String com.example.demo.controller.ThymeleafController.testThymeleaf(org.springframework.ui.ModelMap)
2019-01-13 15:47:38.943 INFO [restartedMain]o.s.w.s.m.method.annotation.RequestMappingHandlerMapping.register:550 -Mapped "{[/error]}" onto public org.springframework.http.ResponseEntity<java.util.Map<java.lang.String, java.lang.Object>> org.springframework.boot.autoconfigure.web.servlet.error.BasicErrorController.error(javax.servlet.http.HttpServletRequest)
2019-01-13 15:47:38.944 INFO [restartedMain]o.s.w.s.m.method.annotation.RequestMappingHandlerMapping.register:550 -Mapped "{[/error],produces=[text/html]}" onto public org.springframework.web.servlet.ModelAndView org.springframework.boot.autoconfigure.web.servlet.error.BasicErrorController.errorHtml(javax.servlet.http.HttpServletRequest,javax.servlet.http.HttpServletResponse)
2019-01-13 15:47:38.968 INFO [restartedMain]o.s.web.servlet.handler.SimpleUrlHandlerMapping.registerHandler:373 -Mapped URL path [/webjars/**] onto handler of type [class org.springframework.web.servlet.resource.ResourceHttpRequestHandler]
2019-01-13 15:47:38.968 INFO [restartedMain]o.s.web.servlet.handler.SimpleUrlHandlerMapping.registerHandler:373 -Mapped URL path [/**] onto handler of type [class org.springframework.web.servlet.resource.ResourceHttpRequestHandler]
2019-01-13 15:47:38.981 INFO [restartedMain]o.s.w.s.m.m.annotation.ExceptionHandlerExceptionResolver.initExceptionHandlerAdviceCache:288 -Detected @ExceptionHandler methods in testExceptionHandler
2019-01-13 15:47:39.018 WARN [restartedMain]org.thymeleaf.templatemode.TemplateMode.parse:150 -[THYMELEAF][restartedMain] Template Mode 'HTML5' is deprecated. Using Template Mode 'HTML' instead.
2019-01-13 15:47:39.401 INFO [restartedMain]o.s.boot.devtools.autoconfigure.OptionalLiveReloadServer.startServer:57 -LiveReload server is running on port 35729
2019-01-13 15:47:39.425 INFO [restartedMain]o.s.jmx.export.annotation.AnnotationMBeanExporter.afterSingletonsInstantiated:433 -Registering beans for JMX exposure on startup
2019-01-13 15:47:39.427 INFO [restartedMain]o.s.jmx.export.annotation.AnnotationMBeanExporter.autodetect:895 -Bean with name 'dataSource' has been autodetected for JMX exposure
2019-01-13 15:47:39.431 INFO [restartedMain]o.s.jmx.export.annotation.AnnotationMBeanExporter.registerBeanInstance:668 -Located MBean 'dataSource': registering with JMX server as MBean [com.zaxxer.hikari:name=dataSource,type=HikariDataSource]
2019-01-13 15:47:39.440 INFO [restartedMain]org.apache.coyote.http11.Http11NioProtocol.log:180 -Starting ProtocolHandler ["http-nio-8090"]
2019-01-13 15:47:39.449 INFO [restartedMain]org.apache.tomcat.util.net.NioSelectorPool.log:180 -Using a shared selector for servlet write/read
2019-01-13 15:47:39.463 INFO [restartedMain]o.s.boot.web.embedded.tomcat.TomcatWebServer.start:206 -Tomcat started on port(s): 8090 (http) with context path ''
2019-01-13 15:47:39.466 INFO [restartedMain]com.example.demo.DemoApplication.logStarted:59 -Started DemoApplication in 3.644 seconds (JVM running for 4.331)
2019-01-13 15:48:28.410 INFO [http-nio-8090-exec-1]o.a.catalina.core.ContainerBase.[Tomcat].[localhost].[/].log:180 -Initializing Spring FrameworkServlet 'dispatcherServlet'
2019-01-13 15:48:28.410 INFO [http-nio-8090-exec-1]org.springframework.web.servlet.DispatcherServlet.initServletBean:497 -FrameworkServlet 'dispatcherServlet': initialization started
2019-01-13 15:48:28.430 INFO [http-nio-8090-exec-1]org.springframework.web.servlet.DispatcherServlet.initServletBean:512 -FrameworkServlet 'dispatcherServlet': initialization completed in 20 ms
2019-01-13 15:48:28.449 INFO [http-nio-8090-exec-1]com.zaxxer.hikari.HikariDataSource.getConnection:110 -HikariPool-1 - Starting...
2019-01-13 15:48:28.450 WARN [http-nio-8090-exec-1]com.zaxxer.hikari.util.DriverDataSource.<init>:68 -Registered driver with driverClassName=oracle.jdbc.driver.OracleDriver was not found, trying direct instantiation.
2019-01-13 15:48:29.015 INFO [http-nio-8090-exec-1]com.zaxxer.hikari.pool.PoolBase.getAndSetNetworkTimeout:516 -HikariPool-1 - Driver does not support get/set network timeout for connections. (oracle.jdbc.driver.T4CConnection.getNetworkTimeout()I)
2019-01-13 15:48:29.052 INFO [http-nio-8090-exec-1]com.zaxxer.hikari.HikariDataSource.getConnection:123 -HikariPool-1 - Start completed.
2019-01-13 15:48:29.233 WARN [http-nio-8090-exec-1]o.s.w.s.m.m.annotation.ExceptionHandlerExceptionResolver.logException:194 -Resolved exception caused by handler execution: org.mybatis.spring.MyBatisSystemException: nested exception is org.apache.ibatis.type.TypeException: Could not set parameters for mapping: ParameterMapping{property='sname', mode=IN, javaType=class java.lang.String, jdbcType=null, numericScale=null, resultMapId='null', jdbcTypeName='null', expression='null'}. Cause: org.apache.ibatis.type.TypeException: Error setting null for parameter #1 with JdbcType OTHER . Try setting a different JdbcType for this parameter or a different jdbcTypeForNull configuration property. Cause: java.sql.SQLException: 无效的列类型: 1111
